⏳ Esperando a que todos los pods de TeaStore estén Running y Ready...
⏳ Esperando 15s a que CoreDNS se estabilice...
⏳ Verificando estado del TeaStore en http://192.168.18.31:30080/tools.descartes.teastore.webui/status...
⏳ Esperando a que todos los pods de TeaStore estén Running y Ready...
⏳ Esperando 15s a que CoreDNS se estabilice...
⏳ Verificando estado del TeaStore en http://192.168.18.33:30080/tools.descartes.teastore.webui/status ...
   ➤ Estado actual: 2 / 5 servicios OK
❌ TeaStore aún no está listo. Reintentando en 10s...
   ➤ Estado actual: 2 / 5 servicios OK
❌ TeaStore aún no está listo. Reintentando en 10s...
   ➤ Estado actual: 2 / 5 servicios OK
❌ TeaStore aún no está listo. Reintentando en 10s...
   ➤ Estado actual: 3 / 5 servicios OK
❌ TeaStore aún no está listo. Reintentando en 10s...
   ➤ Estado actual: 5 / 5 servicios OK
✔ TODOS los servicios del TeaStore están OK. Continuando...
=== Escenario low ===
🚀 Iniciando LIMBO con profile=/home/luish/Documents/death/teastore/TeaStore/examples/httploadgenerator/increasingLowIntensity.csv y script=/home/luish/Documents/death/teastore/TeaStore/examples/httploadgenerator/teastore_browse.lua
Nov 27, 2025 1:31:42 AM tools.descartes.dlim.httploadgenerator.runner.Director executeDirector
WARNING: No power measurements
Nov 27, 2025 1:31:42 AM tools.descartes.dlim.httploadgenerator.runner.Director executeDirector
INFO: Load Generator Thread Count set to 128
Nov 27, 2025 1:31:42 AM tools.descartes.dlim.httploadgenerator.runner.Director executeDirector
INFO: URL connection timout set to 10000 ms
Nov 27, 2025 1:31:42 AM tools.descartes.dlim.httploadgenerator.runner.Director executeDirector
INFO: Using Lua Script: /home/luish/Documents/death/teastore/TeaStore/examples/httploadgenerator/teastore_browse.lua
Nov 27, 2025 1:31:43 AM tools.descartes.dlim.httploadgenerator.runner.Director process
INFO: Read 120 Arrival Rate Tuples
Load Generator sent: ok
Nov 27, 2025 1:31:43 AM tools.descartes.dlim.httploadgenerator.runner.Director process
INFO: Arrival Rates sent to Load Generator(s).
Load Generator sent: ok
Nov 27, 2025 1:31:43 AM tools.descartes.dlim.httploadgenerator.runner.Director process
INFO: Thread Count sent to Load Generator(s): 128
Load Generator sent: ok
Nov 27, 2025 1:31:43 AM tools.descartes.dlim.httploadgenerator.runner.Director process
INFO: URL connection timeout sent to Load Generator(s): 10000
Load Generator sent: ok
Nov 27, 2025 1:31:43 AM tools.descartes.dlim.httploadgenerator.runner.Director process
INFO: Contents of script sent to Load Generator: /home/luish/Documents/death/teastore/TeaStore/examples/httploadgenerator/teastore_browse.lua
Nov 27, 2025 1:31:43 AM tools.descartes.dlim.httploadgenerator.runner.Director process
INFO: Starting Load Generation
Beginning Run @1764225103126(27.11.2025;01:31:43126)
Target Time = 0.5; Load Intensity = 0.0; #Success = 0; #Failed = 0; #Dropped = 0
Target Time = 1.5; Load Intensity = 1.0; #Success = 0; #Failed = 0; #Dropped = 0
Target Time = 2.5; Load Intensity = 2.0; #Success = 0; #Failed = 0; #Dropped = 0
Target Time = 3.5; Load Intensity = 2.0; #Success = 0; #Failed = 0; #Dropped = 0
Target Time = 4.5; Load Intensity = 3.0; #Success = 0; #Failed = 0; #Dropped = 0
Target Time = 5.5; Load Intensity = 4.0; #Success = 0; #Failed = 4; #Dropped = 0
Target Time = 6.5; Load Intensity = 5.0; #Success = 10; #Failed = 0; #Dropped = 0
Target Time = 7.5; Load Intensity = 6.0; #Success = 0; #Failed = 0; #Dropped = 0
Target Time = 8.5; Load Intensity = 7.0; #Success = 16; #Failed = 0; #Dropped = 0
Target Time = 9.5; Load Intensity = 7.0; #Success = 1; #Failed = 0; #Dropped = 0
Target Time = 10.5; Load Intensity = 8.0; #Success = 12; #Failed = 0; #Dropped = 0
Target Time = 11.5; Load Intensity = 9.0; #Success = 11; #Failed = 0; #Dropped = 0
Target Time = 12.5; Load Intensity = 10.0; #Success = 7; #Failed = 0; #Dropped = 0
Target Time = 13.5; Load Intensity = 11.0; #Success = 11; #Failed = 0; #Dropped = 0
Target Time = 14.5; Load Intensity = 12.0; #Success = 0; #Failed = 0; #Dropped = 0
Target Time = 15.5; Load Intensity = 12.0; #Success = 0; #Failed = 0; #Dropped = 0
Target Time = 16.5; Load Intensity = 13.0; #Success = 4; #Failed = 0; #Dropped = 0
Target Time = 17.5; Load Intensity = 14.0; #Success = 6; #Failed = 0; #Dropped = 0
Target Time = 18.5; Load Intensity = 15.0; #Success = 17; #Failed = 0; #Dropped = 0
Target Time = 19.5; Load Intensity = 16.0; #Success = 18; #Failed = 0; #Dropped = 0
Target Time = 20.5; Load Intensity = 17.0; #Success = 5; #Failed = 0; #Dropped = 0
Target Time = 21.5; Load Intensity = 17.0; #Success = 5; #Failed = 0; #Dropped = 0
Target Time = 22.5; Load Intensity = 18.0; #Success = 0; #Failed = 0; #Dropped = 0
Target Time = 23.5; Load Intensity = 19.0; #Success = 3; #Failed = 0; #Dropped = 0
Target Time = 24.5; Load Intensity = 20.0; #Success = 9; #Failed = 0; #Dropped = 0
Target Time = 25.5; Load Intensity = 21.0; #Success = 14; #Failed = 0; #Dropped = 0
Target Time = 26.5; Load Intensity = 22.0; #Success = 15; #Failed = 0; #Dropped = 0
Target Time = 27.5; Load Intensity = 22.0; #Success = 13; #Failed = 0; #Dropped = 0
Target Time = 28.5; Load Intensity = 23.0; #Success = 2; #Failed = 0; #Dropped = 0
Target Time = 29.5; Load Intensity = 24.0; #Success = 12; #Failed = 0; #Dropped = 0
Target Time = 30.5; Load Intensity = 25.0; #Success = 13; #Failed = 0; #Dropped = 0
Target Time = 31.5; Load Intensity = 26.0; #Success = 2; #Failed = 0; #Dropped = 0
Target Time = 32.5; Load Intensity = 27.0; #Success = 4; #Failed = 0; #Dropped = 0
Target Time = 33.5; Load Intensity = 27.0; #Success = 13; #Failed = 2; #Dropped = 0
Target Time = 34.5; Load Intensity = 28.0; #Success = 6; #Failed = 13; #Dropped = 0
Target Time = 35.5; Load Intensity = 29.0; #Success = 12; #Failed = 19; #Dropped = 0
Target Time = 36.5; Load Intensity = 30.0; #Success = 18; #Failed = 4; #Dropped = 0
Target Time = 37.5; Load Intensity = 31.0; #Success = 6; #Failed = 2; #Dropped = 0
Target Time = 38.5; Load Intensity = 32.0; #Success = 2; #Failed = 0; #Dropped = 0
Target Time = 39.5; Load Intensity = 32.0; #Success = 11; #Failed = 0; #Dropped = 0
Target Time = 40.5; Load Intensity = 33.0; #Success = 14; #Failed = 0; #Dropped = 0
Target Time = 41.5; Load Intensity = 34.0; #Success = 2; #Failed = 0; #Dropped = 0
Target Time = 42.5; Load Intensity = 35.0; #Success = 4; #Failed = 0; #Dropped = 0
Target Time = 43.5; Load Intensity = 36.0; #Success = 15; #Failed = 0; #Dropped = 0
Target Time = 44.5; Load Intensity = 37.0; #Success = 19; #Failed = 0; #Dropped = 0
Target Time = 45.5; Load Intensity = 37.0; #Success = 31; #Failed = 0; #Dropped = 0
Target Time = 46.5; Load Intensity = 38.0; #Success = 22; #Failed = 0; #Dropped = 0
Target Time = 47.5; Load Intensity = 39.0; #Success = 8; #Failed = 0; #Dropped = 16
Target Time = 48.5; Load Intensity = 40.0; #Success = 2; #Failed = 0; #Dropped = 14
Target Time = 49.5; Load Intensity = 41.0; #Success = 11; #Failed = 0; #Dropped = 40
Target Time = 50.5; Load Intensity = 42.0; #Success = 14; #Failed = 8; #Dropped = 9
Target Time = 51.5; Load Intensity = 42.0; #Success = 1; #Failed = 1; #Dropped = 25
Target Time = 52.5; Load Intensity = 43.0; #Success = 4; #Failed = 3; #Dropped = 13
Target Time = 53.5; Load Intensity = 44.0; #Success = 15; #Failed = 0; #Dropped = 44
Target Time = 54.5; Load Intensity = 45.0; #Success = 19; #Failed = 0; #Dropped = 16
Target Time = 55.5; Load Intensity = 46.0; #Success = 31; #Failed = 1; #Dropped = 13
Target Time = 56.5; Load Intensity = 47.0; #Success = 22; #Failed = 0; #Dropped = 9
Target Time = 57.5; Load Intensity = 47.0; #Success = 8; #Failed = 2; #Dropped = 30
Target Time = 58.5; Load Intensity = 48.0; #Success = 4; #Failed = 1; #Dropped = 37
Target Time = 59.5; Load Intensity = 49.0; #Success = 8; #Failed = 3; #Dropped = 27
Target Time = 60.5; Load Intensity = 50.0; #Success = 14; #Failed = 3; #Dropped = 20
Target Time = 61.5; Load Intensity = 51.0; #Success = 2; #Failed = 0; #Dropped = 36
Target Time = 62.5; Load Intensity = 52.0; #Success = 4; #Failed = 0; #Dropped = 18
Target Time = 63.5; Load Intensity = 52.0; #Success = 14; #Failed = 0; #Dropped = 58
Target Time = 64.5; Load Intensity = 53.0; #Success = 20; #Failed = 2; #Dropped = 25
Target Time = 65.5; Load Intensity = 54.0; #Success = 31; #Failed = 9; #Dropped = 15
Target Time = 66.5; Load Intensity = 55.0; #Success = 22; #Failed = 7; #Dropped = 9
Target Time = 67.5; Load Intensity = 56.0; #Success = 8; #Failed = 2; #Dropped = 35
Target Time = 68.5; Load Intensity = 57.0; #Success = 4; #Failed = 0; #Dropped = 49
Target Time = 69.5; Load Intensity = 57.0; #Success = 7; #Failed = 4; #Dropped = 31
Target Time = 70.5; Load Intensity = 58.0; #Success = 13; #Failed = 1; #Dropped = 48
Target Time = 71.5; Load Intensity = 59.0; #Success = 1; #Failed = 0; #Dropped = 35
Target Time = 72.5; Load Intensity = 60.0; #Success = 3; #Failed = 3; #Dropped = 19
Target Time = 73.5; Load Intensity = 61.0; #Success = 14; #Failed = 28; #Dropped = 53
Target Time = 74.5; Load Intensity = 62.0; #Success = 14; #Failed = 4; #Dropped = 28
Target Time = 75.5; Load Intensity = 62.0; #Success = 21; #Failed = 8; #Dropped = 27
Target Time = 76.5; Load Intensity = 63.0; #Success = 16; #Failed = 1; #Dropped = 29
Target Time = 77.5; Load Intensity = 64.0; #Success = 4; #Failed = 2; #Dropped = 52
Target Time = 78.5; Load Intensity = 65.0; #Success = 0; #Failed = 3; #Dropped = 42
Target Time = 79.5; Load Intensity = 66.0; #Success = 7; #Failed = 0; #Dropped = 63
Target Time = 80.5; Load Intensity = 67.0; #Success = 4; #Failed = 0; #Dropped = 49
Target Time = 81.5; Load Intensity = 67.0; #Success = 1; #Failed = 0; #Dropped = 8
Target Time = 82.5; Load Intensity = 68.0; #Success = 6; #Failed = 2; #Dropped = 89
Target Time = 83.5; Load Intensity = 69.0; #Success = 31; #Failed = 5; #Dropped = 48
Target Time = 84.5; Load Intensity = 70.0; #Success = 22; #Failed = 0; #Dropped = 45
Target Time = 85.5; Load Intensity = 71.0; #Success = 25; #Failed = 0; #Dropped = 32
Target Time = 86.5; Load Intensity = 72.0; #Success = 17; #Failed = 0; #Dropped = 35
Target Time = 87.5; Load Intensity = 72.0; #Success = 5; #Failed = 9; #Dropped = 58
Target Time = 88.5; Load Intensity = 73.0; #Success = 0; #Failed = 4; #Dropped = 19
Target Time = 89.5; Load Intensity = 74.0; #Success = 0; #Failed = 0; #Dropped = 0
Target Time = 90.5; Load Intensity = 75.0; #Success = 5; #Failed = 0; #Dropped = 175
Target Time = 91.5; Load Intensity = 76.0; #Success = 22; #Failed = 0; #Dropped = 39
Target Time = 92.5; Load Intensity = 77.0; #Success = 36; #Failed = 0; #Dropped = 28
Target Time = 93.5; Load Intensity = 77.0; #Success = 24; #Failed = 0; #Dropped = 56
Target Time = 94.5; Load Intensity = 78.0; #Success = 3; #Failed = 0; #Dropped = 45
Target Time = 95.5; Load Intensity = 79.0; #Success = 16; #Failed = 0; #Dropped = 76
Target Time = 96.5; Load Intensity = 80.0; #Success = 13; #Failed = 0; #Dropped = 46
Target Time = 97.5; Load Intensity = 81.0; #Success = 7; #Failed = 0; #Dropped = 71
Target Time = 98.5; Load Intensity = 82.0; #Success = 2; #Failed = 0; #Dropped = 20
Target Time = 99.5; Load Intensity = 82.0; #Success = 0; #Failed = 0; #Dropped = 0
Target Time = 100.5; Load Intensity = 83.0; #Success = 4; #Failed = 0; #Dropped = 194
Target Time = 101.5; Load Intensity = 84.0; #Success = 21; #Failed = 1; #Dropped = 58
Target Time = 102.5; Load Intensity = 85.0; #Success = 19; #Failed = 18; #Dropped = 38
Target Time = 103.5; Load Intensity = 86.0; #Success = 20; #Failed = 4; #Dropped = 57
Target Time = 104.5; Load Intensity = 87.0; #Success = 3; #Failed = 0; #Dropped = 51
Target Time = 105.5; Load Intensity = 87.0; #Success = 15; #Failed = 1; #Dropped = 90
Target Time = 106.5; Load Intensity = 88.0; #Success = 13; #Failed = 0; #Dropped = 54
Target Time = 107.5; Load Intensity = 89.0; #Success = 7; #Failed = 0; #Dropped = 82
Target Time = 108.5; Load Intensity = 90.0; #Success = 2; #Failed = 0; #Dropped = 30
Target Time = 109.5; Load Intensity = 91.0; #Success = 0; #Failed = 0; #Dropped = 0
Target Time = 110.5; Load Intensity = 92.0; #Success = 5; #Failed = 0; #Dropped = 216
Target Time = 111.5; Load Intensity = 92.0; #Success = 22; #Failed = 11; #Dropped = 51
Target Time = 112.5; Load Intensity = 93.0; #Success = 36; #Failed = 2; #Dropped = 43
Target Time = 113.5; Load Intensity = 94.0; #Success = 24; #Failed = 0; #Dropped = 63
Target Time = 114.5; Load Intensity = 95.0; #Success = 3; #Failed = 3; #Dropped = 44
Target Time = 115.5; Load Intensity = 96.0; #Success = 10; #Failed = 1; #Dropped = 94
Target Time = 116.5; Load Intensity = 97.0; #Success = 3; #Failed = 2; #Dropped = 86
Target Time = 117.5; Load Intensity = 97.0; #Success = 6; #Failed = 0; #Dropped = 95
Target Time = 118.5; Load Intensity = 98.0; #Success = 2; #Failed = 2; #Dropped = 31
Target Time = 119.5; Load Intensity = 99.0; #Success = 0; #Failed = 3; #Dropped = 106
Target Time = 120.5; Load Intensity = 0.0; #Success = 4; #Failed = 0; #Dropped = 122
Target Time = 121.5; Load Intensity = 0.0; #Success = 35; #Failed = 1; #Dropped = 66
Target Time = 122.5; Load Intensity = 0.0; #Success = 37; #Failed = 0; #Dropped = 52
Target Time = 123.5; Load Intensity = 0.0; #Success = 14; #Failed = 4; #Dropped = 65
Target Time = 124.5; Load Intensity = 0.0; #Success = 4; #Failed = 0; #Dropped = 74
Target Time = 125.5; Load Intensity = 0.0; #Success = 9; #Failed = 2; #Dropped = 92
Target Time = 126.5; Load Intensity = 0.0; #Success = 5; #Failed = 0; #Dropped = 98
Target Time = 127.5; Load Intensity = 0.0; #Success = 6; #Failed = 0; #Dropped = 101
Target Time = 128.5; Load Intensity = 0.0; #Success = 4; #Failed = 0; #Dropped = 33
Target Time = 129.5; Load Intensity = 0.0; #Success = 3; #Failed = 0; #Dropped = 125
Target Time = 130.5; Load Intensity = 0.0; #Success = 3; #Failed = 14; #Dropped = 36
Target Time = 131.5; Load Intensity = 0.0; #Success = 35; #Failed = 0; #Dropped = 0
Target Time = 132.5; Load Intensity = 0.0; #Success = 38; #Failed = 0; #Dropped = 0
Target Time = 133.5; Load Intensity = 0.0; #Success = 18; #Failed = 0; #Dropped = 0
Target Time = 134.5; Load Intensity = 0.0; #Success = 3; #Failed = 0; #Dropped = 0
Target Time = 135.5; Load Intensity = 0.0; #Success = 1; #Failed = 0; #Dropped = 0
Target Time = 136.5; Load Intensity = 0.0; #Success = 3; #Failed = 0; #Dropped = 0
Target Time = 137.5; Load Intensity = 0.0; #Success = 6; #Failed = 0; #Dropped = 0
Target Time = 138.5; Load Intensity = 0.0; #Success = 4; #Failed = 0; #Dropped = 0
Target Time = 139.5; Load Intensity = 0.0; #Success = 3; #Failed = 0; #Dropped = 0
Workload finished.
Log finished.
📄 LIMBO finalizado para scenario=low
⏸ Escenario low completado, esperando 5 segundos antes del siguiente...
⏳ Esperando a que todos los pods de TeaStore estén Running y Ready...
⏳ Esperando 15s a que CoreDNS se estabilice...
⏳ Verificando estado del TeaStore en http://192.168.18.33:30080/tools.descartes.teastore.webui/status ...
   ➤ Estado actual: 2 / 5 servicios OK
❌ TeaStore aún no está listo. Reintentando en 10s...
   ➤ Estado actual: 2 / 5 servicios OK
❌ TeaStore aún no está listo. Reintentando en 10s...
   ➤ Estado actual: 2 / 5 servicios OK
❌ TeaStore aún no está listo. Reintentando en 10s...
   ➤ Estado actual: 2 / 5 servicios OK
❌ TeaStore aún no está listo. Reintentando en 10s...
   ➤ Estado actual: 2 / 5 servicios OK
❌ TeaStore aún no está listo. Reintentando en 10s...
   ➤ Estado actual: 2 / 5 servicios OK
❌ TeaStore aún no está listo. Reintentando en 10s...
   ➤ Estado actual: 2 / 5 servicios OK
❌ TeaStore aún no está listo. Reintentando en 10s...
   ➤ Estado actual: 2 / 5 servicios OK
❌ TeaStore aún no está listo. Reintentando en 10s...
   ➤ Estado actual: 2 / 5 servicios OK
❌ TeaStore aún no está listo. Reintentando en 10s...
   ➤ Estado actual: 2 / 5 servicios OK
❌ TeaStore aún no está listo. Reintentando en 10s...
   ➤ Estado actual: 2 / 5 servicios OK
❌ TeaStore aún no está listo. Reintentando en 10s...
   ➤ Estado actual: 2 / 5 servicios OK
❌ TeaStore aún no está listo. Reintentando en 10s...
   ➤ Estado actual: 2 / 5 servicios OK
❌ TeaStore aún no está listo. Reintentando en 10s...
   ➤ Estado actual: 3 / 5 servicios OK
❌ TeaStore aún no está listo. Reintentando en 10s...
   ➤ Estado actual: 5 / 5 servicios OK
✔ TODOS los servicios del TeaStore están OK. Continuando...
=== Escenario medium ===
🚀 Iniciando LIMBO con profile=/home/luish/Documents/death/teastore/TeaStore/examples/httploadgenerator/increasingMedIntensity.csv y script=/home/luish/Documents/death/teastore/TeaStore/examples/httploadgenerator/teastore_browse.lua
Nov 27, 2025 1:38:14 AM tools.descartes.dlim.httploadgenerator.runner.Director executeDirector
WARNING: No power measurements
Nov 27, 2025 1:38:14 AM tools.descartes.dlim.httploadgenerator.runner.Director executeDirector
INFO: Load Generator Thread Count set to 128
Nov 27, 2025 1:38:14 AM tools.descartes.dlim.httploadgenerator.runner.Director executeDirector
INFO: URL connection timout set to 10000 ms
Nov 27, 2025 1:38:14 AM tools.descartes.dlim.httploadgenerator.runner.Director executeDirector
INFO: Using Lua Script: /home/luish/Documents/death/teastore/TeaStore/examples/httploadgenerator/teastore_browse.lua
Nov 27, 2025 1:38:14 AM tools.descartes.dlim.httploadgenerator.runner.Director process
INFO: Read 120 Arrival Rate Tuples
Load Generator sent: ok
Nov 27, 2025 1:38:14 AM tools.descartes.dlim.httploadgenerator.runner.Director process
INFO: Arrival Rates sent to Load Generator(s).
Load Generator sent: ok
Nov 27, 2025 1:38:14 AM tools.descartes.dlim.httploadgenerator.runner.Director process
INFO: Thread Count sent to Load Generator(s): 128
Load Generator sent: ok
Nov 27, 2025 1:38:14 AM tools.descartes.dlim.httploadgenerator.runner.Director process
INFO: URL connection timeout sent to Load Generator(s): 10000
Load Generator sent: ok
Nov 27, 2025 1:38:14 AM tools.descartes.dlim.httploadgenerator.runner.Director process
INFO: Contents of script sent to Load Generator: /home/luish/Documents/death/teastore/TeaStore/examples/httploadgenerator/teastore_browse.lua
Nov 27, 2025 1:38:14 AM tools.descartes.dlim.httploadgenerator.runner.Director process
INFO: Starting Load Generation
Beginning Run @1764225495001(27.11.2025;01:38:15001)
Target Time = 0.5; Load Intensity = 8.0; #Success = 0; #Failed = 0; #Dropped = 0
Target Time = 1.5; Load Intensity = 16.0; #Success = 0; #Failed = 0; #Dropped = 0
Target Time = 2.5; Load Intensity = 25.0; #Success = 0; #Failed = 4; #Dropped = 0
Target Time = 3.5; Load Intensity = 33.0; #Success = 22; #Failed = 0; #Dropped = 0
Target Time = 4.5; Load Intensity = 41.0; #Success = 1; #Failed = 0; #Dropped = 0
Target Time = 5.5; Load Intensity = 50.0; #Success = 0; #Failed = 0; #Dropped = 0
Target Time = 6.5; Load Intensity = 58.0; #Success = 0; #Failed = 0; #Dropped = 0
Target Time = 7.5; Load Intensity = 66.0; #Success = 0; #Failed = 0; #Dropped = 0
Target Time = 8.5; Load Intensity = 75.0; #Success = 0; #Failed = 0; #Dropped = 0
Target Time = 9.5; Load Intensity = 83.0; #Success = 5; #Failed = 0; #Dropped = 0
Target Time = 10.5; Load Intensity = 91.0; #Success = 1; #Failed = 0; #Dropped = 0
Target Time = 11.5; Load Intensity = 100.0; #Success = 4; #Failed = 0; #Dropped = 0
Target Time = 12.5; Load Intensity = 108.0; #Success = 20; #Failed = 0; #Dropped = 0
Target Time = 13.5; Load Intensity = 116.0; #Success = 19; #Failed = 4; #Dropped = 0
Target Time = 14.5; Load Intensity = 125.0; #Success = 47; #Failed = 0; #Dropped = 0
Target Time = 15.5; Load Intensity = 133.0; #Success = 20; #Failed = 8; #Dropped = 0
Target Time = 16.5; Load Intensity = 141.0; #Success = 0; #Failed = 0; #Dropped = 0
Target Time = 17.5; Load Intensity = 150.0; #Success = 0; #Failed = 0; #Dropped = 0
Target Time = 18.5; Load Intensity = 158.0; #Success = 0; #Failed = 0; #Dropped = 0
Target Time = 19.5; Load Intensity = 166.0; #Success = 3; #Failed = 1; #Dropped = 146
Target Time = 20.5; Load Intensity = 175.0; #Success = 0; #Failed = 2; #Dropped = 25
Target Time = 21.5; Load Intensity = 183.0; #Success = 3; #Failed = 1; #Dropped = 167
Target Time = 22.5; Load Intensity = 191.0; #Success = 20; #Failed = 0; #Dropped = 104
Target Time = 23.5; Load Intensity = 200.0; #Success = 23; #Failed = 0; #Dropped = 88
Target Time = 24.5; Load Intensity = 208.0; #Success = 47; #Failed = 0; #Dropped = 92
Target Time = 25.5; Load Intensity = 216.0; #Success = 28; #Failed = 0; #Dropped = 66
Target Time = 26.5; Load Intensity = 225.0; #Success = 0; #Failed = 0; #Dropped = 0
Target Time = 27.5; Load Intensity = 233.0; #Success = 0; #Failed = 0; #Dropped = 0
Target Time = 28.5; Load Intensity = 241.0; #Success = 1; #Failed = 0; #Dropped = 485
Target Time = 29.5; Load Intensity = 250.0; #Success = 3; #Failed = 0; #Dropped = 125
Target Time = 30.5; Load Intensity = 258.0; #Success = 2; #Failed = 0; #Dropped = 53
Target Time = 31.5; Load Intensity = 266.0; #Success = 4; #Failed = 7; #Dropped = 321
Target Time = 32.5; Load Intensity = 275.0; #Success = 20; #Failed = 1; #Dropped = 172
Target Time = 33.5; Load Intensity = 283.0; #Success = 25; #Failed = 15; #Dropped = 170
Target Time = 34.5; Load Intensity = 291.0; #Success = 32; #Failed = 6; #Dropped = 150
Target Time = 35.5; Load Intensity = 300.0; #Success = 12; #Failed = 0; #Dropped = 164
Target Time = 36.5; Load Intensity = 308.0; #Success = 0; #Failed = 0; #Dropped = 0
Target Time = 37.5; Load Intensity = 316.0; #Success = 0; #Failed = 0; #Dropped = 0
Target Time = 38.5; Load Intensity = 325.0; #Success = 0; #Failed = 0; #Dropped = 0
Target Time = 39.5; Load Intensity = 333.0; #Success = 5; #Failed = 0; #Dropped = 1018
Target Time = 40.5; Load Intensity = 341.0; #Success = 1; #Failed = 45; #Dropped = 175
Target Time = 41.5; Load Intensity = 350.0; #Success = 0; #Failed = 0; #Dropped = 0
Target Time = 42.5; Load Intensity = 358.0; #Success = 2; #Failed = 0; #Dropped = 499
Target Time = 43.5; Load Intensity = 366.0; #Success = 23; #Failed = 0; #Dropped = 314
Target Time = 44.5; Load Intensity = 375.0; #Success = 40; #Failed = 0; #Dropped = 231
Target Time = 45.5; Load Intensity = 383.0; #Success = 12; #Failed = 0; #Dropped = 241
Target Time = 46.5; Load Intensity = 391.0; #Success = 0; #Failed = 0; #Dropped = 0
Target Time = 47.5; Load Intensity = 400.0; #Success = 0; #Failed = 0; #Dropped = 0
Target Time = 48.5; Load Intensity = 408.0; #Success = 0; #Failed = 0; #Dropped = 0
Target Time = 49.5; Load Intensity = 416.0; #Success = 4; #Failed = 0; #Dropped = 1246
Target Time = 50.5; Load Intensity = 425.0; #Success = 45; #Failed = 2; #Dropped = 336
Target Time = 51.5; Load Intensity = 433.0; #Success = 0; #Failed = 0; #Dropped = 0
Target Time = 52.5; Load Intensity = 441.0; #Success = 2; #Failed = 0; #Dropped = 702
Target Time = 53.5; Load Intensity = 450.0; #Success = 25; #Failed = 0; #Dropped = 419
Target Time = 54.5; Load Intensity = 458.0; #Success = 38; #Failed = 0; #Dropped = 272
Target Time = 55.5; Load Intensity = 466.0; #Success = 12; #Failed = 0; #Dropped = 361
Target Time = 56.5; Load Intensity = 475.0; #Success = 0; #Failed = 0; #Dropped = 0
Target Time = 57.5; Load Intensity = 483.0; #Success = 0; #Failed = 0; #Dropped = 0
Target Time = 58.5; Load Intensity = 491.0; #Success = 0; #Failed = 0; #Dropped = 0
Target Time = 59.5; Load Intensity = 500.0; #Success = 4; #Failed = 0; #Dropped = 1576
Target Time = 60.5; Load Intensity = 508.0; #Success = 47; #Failed = 0; #Dropped = 426
Target Time = 61.5; Load Intensity = 516.0; #Success = 0; #Failed = 0; #Dropped = 0
Target Time = 62.5; Load Intensity = 525.0; #Success = 2; #Failed = 0; #Dropped = 880
Target Time = 63.5; Load Intensity = 533.0; #Success = 25; #Failed = 5; #Dropped = 462
Target Time = 64.5; Load Intensity = 541.0; #Success = 32; #Failed = 1; #Dropped = 387
Target Time = 65.5; Load Intensity = 550.0; #Success = 12; #Failed = 0; #Dropped = 385
Target Time = 66.5; Load Intensity = 558.0; #Success = 0; #Failed = 0; #Dropped = 0
Target Time = 67.5; Load Intensity = 566.0; #Success = 0; #Failed = 0; #Dropped = 0
Target Time = 68.5; Load Intensity = 575.0; #Success = 0; #Failed = 0; #Dropped = 0
Target Time = 69.5; Load Intensity = 583.0; #Success = 4; #Failed = 0; #Dropped = 1916
Target Time = 70.5; Load Intensity = 591.0; #Success = 47; #Failed = 0; #Dropped = 543
Target Time = 71.5; Load Intensity = 600.0; #Success = 0; #Failed = 0; #Dropped = 0
Target Time = 72.5; Load Intensity = 608.0; #Success = 2; #Failed = 0; #Dropped = 1051
Target Time = 73.5; Load Intensity = 616.0; #Success = 33; #Failed = 0; #Dropped = 565
Target Time = 74.5; Load Intensity = 625.0; #Success = 30; #Failed = 0; #Dropped = 440
Target Time = 75.5; Load Intensity = 633.0; #Success = 12; #Failed = 0; #Dropped = 434
Target Time = 76.5; Load Intensity = 641.0; #Success = 0; #Failed = 0; #Dropped = 0
Target Time = 77.5; Load Intensity = 650.0; #Success = 0; #Failed = 1; #Dropped = 955
Target Time = 78.5; Load Intensity = 658.0; #Success = 0; #Failed = 0; #Dropped = 0
Target Time = 79.5; Load Intensity = 666.0; #Success = 4; #Failed = 2; #Dropped = 1520
Target Time = 80.5; Load Intensity = 675.0; #Success = 45; #Failed = 1; #Dropped = 373
Target Time = 81.5; Load Intensity = 683.0; #Success = 0; #Failed = 0; #Dropped = 0
Target Time = 82.5; Load Intensity = 691.0; #Success = 2; #Failed = 1; #Dropped = 1275
Target Time = 83.5; Load Intensity = 700.0; #Success = 23; #Failed = 2; #Dropped = 639
Target Time = 84.5; Load Intensity = 708.0; #Success = 35; #Failed = 0; #Dropped = 543
Target Time = 85.5; Load Intensity = 716.0; #Success = 12; #Failed = 0; #Dropped = 519
Target Time = 86.5; Load Intensity = 725.0; #Success = 0; #Failed = 0; #Dropped = 0
Target Time = 87.5; Load Intensity = 733.0; #Success = 1; #Failed = 0; #Dropped = 1160
Target Time = 88.5; Load Intensity = 741.0; #Success = 0; #Failed = 10; #Dropped = 918
Target Time = 89.5; Load Intensity = 750.0; #Success = 5; #Failed = 2; #Dropped = 636
Target Time = 90.5; Load Intensity = 758.0; #Success = 47; #Failed = 1; #Dropped = 583
Target Time = 91.5; Load Intensity = 766.0; #Success = 0; #Failed = 3; #Dropped = 749
Target Time = 92.5; Load Intensity = 775.0; #Success = 3; #Failed = 3; #Dropped = 644
Target Time = 93.5; Load Intensity = 783.0; #Success = 20; #Failed = 0; #Dropped = 723
Target Time = 94.5; Load Intensity = 791.0; #Success = 30; #Failed = 0; #Dropped = 523
Target Time = 95.5; Load Intensity = 800.0; #Success = 3; #Failed = 1; #Dropped = 737
Target Time = 96.5; Load Intensity = 808.0; #Success = 0; #Failed = 0; #Dropped = 0
Target Time = 97.5; Load Intensity = 816.0; #Success = 0; #Failed = 0; #Dropped = 0
Target Time = 98.5; Load Intensity = 825.0; #Success = 9; #Failed = 0; #Dropped = 2313
Target Time = 99.5; Load Intensity = 833.0; #Success = 8; #Failed = 0; #Dropped = 716
Target Time = 100.5; Load Intensity = 841.0; #Success = 48; #Failed = 0; #Dropped = 698
Target Time = 101.5; Load Intensity = 850.0; #Success = 3; #Failed = 0; #Dropped = 813
Target Time = 102.5; Load Intensity = 858.0; #Success = 6; #Failed = 0; #Dropped = 658
Target Time = 103.5; Load Intensity = 866.0; #Success = 30; #Failed = 0; #Dropped = 941
Target Time = 104.5; Load Intensity = 875.0; #Success = 20; #Failed = 0; #Dropped = 466
Target Time = 105.5; Load Intensity = 883.0; #Success = 4; #Failed = 0; #Dropped = 790
Target Time = 106.5; Load Intensity = 891.0; #Success = 0; #Failed = 0; #Dropped = 0
Target Time = 107.5; Load Intensity = 900.0; #Success = 0; #Failed = 0; #Dropped = 0
Target Time = 108.5; Load Intensity = 908.0; #Success = 10; #Failed = 0; #Dropped = 2712
Target Time = 109.5; Load Intensity = 916.0; #Success = 7; #Failed = 0; #Dropped = 679
Target Time = 110.5; Load Intensity = 925.0; #Success = 48; #Failed = 0; #Dropped = 796
Target Time = 111.5; Load Intensity = 933.0; #Success = 3; #Failed = 0; #Dropped = 944
Target Time = 112.5; Load Intensity = 941.0; #Success = 6; #Failed = 0; #Dropped = 774
Target Time = 113.5; Load Intensity = 950.0; #Success = 20; #Failed = 32; #Dropped = 888
Target Time = 114.5; Load Intensity = 958.0; #Success = 10; #Failed = 2; #Dropped = 504
Target Time = 115.5; Load Intensity = 966.0; #Success = 2; #Failed = 1; #Dropped = 1034
Target Time = 116.5; Load Intensity = 975.0; #Success = 0; #Failed = 5; #Dropped = 992
Target Time = 117.5; Load Intensity = 983.0; #Success = 0; #Failed = 0; #Dropped = 0
Target Time = 118.5; Load Intensity = 991.0; #Success = 10; #Failed = 1; #Dropped = 1908
Target Time = 119.5; Load Intensity = 1000.0; #Success = 7; #Failed = 0; #Dropped = 790
Target Time = 120.5; Load Intensity = 0.0; #Success = 27; #Failed = 20; #Dropped = 904
Target Time = 121.5; Load Intensity = 0.0; #Success = 0; #Failed = 4; #Dropped = 1069
Target Time = 122.5; Load Intensity = 0.0; #Success = 2; #Failed = 11; #Dropped = 927
Target Time = 123.5; Load Intensity = 0.0; #Success = 30; #Failed = 0; #Dropped = 922
Target Time = 124.5; Load Intensity = 0.0; #Success = 9; #Failed = 0; #Dropped = 637
Target Time = 125.5; Load Intensity = 0.0; #Success = 3; #Failed = 0; #Dropped = 1018
Target Time = 126.5; Load Intensity = 0.0; #Success = 5; #Failed = 0; #Dropped = 1118
Target Time = 127.5; Load Intensity = 0.0; #Success = 8; #Failed = 0; #Dropped = 1039
Target Time = 128.5; Load Intensity = 0.0; #Success = 7; #Failed = 0; #Dropped = 981
Target Time = 129.5; Load Intensity = 0.0; #Success = 21; #Failed = 0; #Dropped = 980
Target Time = 130.5; Load Intensity = 0.0; #Success = 28; #Failed = 0; #Dropped = 0
Target Time = 131.5; Load Intensity = 0.0; #Success = 4; #Failed = 0; #Dropped = 0
Target Time = 132.5; Load Intensity = 0.0; #Success = 13; #Failed = 0; #Dropped = 0
Target Time = 133.5; Load Intensity = 0.0; #Success = 32; #Failed = 0; #Dropped = 0
Target Time = 134.5; Load Intensity = 0.0; #Success = 7; #Failed = 0; #Dropped = 0
Target Time = 135.5; Load Intensity = 0.0; #Success = 3; #Failed = 0; #Dropped = 0
Target Time = 136.5; Load Intensity = 0.0; #Success = 5; #Failed = 0; #Dropped = 0
Target Time = 137.5; Load Intensity = 0.0; #Success = 3; #Failed = 6; #Dropped = 0
Target Time = 138.5; Load Intensity = 0.0; #Success = 6; #Failed = 0; #Dropped = 0
Target Time = 139.5; Load Intensity = 0.0; #Success = 12; #Failed = 7; #Dropped = 0
Workload finished.
Log finished.
📄 LIMBO finalizado para scenario=medium
⏸ Escenario medium completado, esperando 5 segundos antes del siguiente...
