⏳ Esperando a que todos los pods de TeaStore estén Running y Ready...
⏳ Esperando 15s a que CoreDNS se estabilice...
⏳ Verificando estado del TeaStore en http://192.168.18.33:30080/tools.descartes.teastore.webui/status ...
   ➤ Estado actual: 2 / 5 servicios OK
❌ TeaStore aún no está listo. Reintentando en 10s...
   ➤ Estado actual: 2 / 5 servicios OK
❌ TeaStore aún no está listo. Reintentando en 10s...
   ➤ Estado actual: 2 / 5 servicios OK
❌ TeaStore aún no está listo. Reintentando en 10s...
   ➤ Estado actual: 2 / 5 servicios OK
❌ TeaStore aún no está listo. Reintentando en 10s...
   ➤ Estado actual: 2 / 5 servicios OK
❌ TeaStore aún no está listo. Reintentando en 10s...
   ➤ Estado actual: 2 / 5 servicios OK
❌ TeaStore aún no está listo. Reintentando en 10s...
   ➤ Estado actual: 2 / 5 servicios OK
❌ TeaStore aún no está listo. Reintentando en 10s...
   ➤ Estado actual: 2 / 5 servicios OK
❌ TeaStore aún no está listo. Reintentando en 10s...
   ➤ Estado actual: 2 / 5 servicios OK
❌ TeaStore aún no está listo. Reintentando en 10s...
   ➤ Estado actual: 2 / 5 servicios OK
❌ TeaStore aún no está listo. Reintentando en 10s...
   ➤ Estado actual: 2 / 5 servicios OK
❌ TeaStore aún no está listo. Reintentando en 10s...
   ➤ Estado actual: 2 / 5 servicios OK
❌ TeaStore aún no está listo. Reintentando en 10s...
   ➤ Estado actual: 2 / 5 servicios OK
❌ TeaStore aún no está listo. Reintentando en 10s...
   ➤ Estado actual: 2 / 5 servicios OK
❌ TeaStore aún no está listo. Reintentando en 10s...
   ➤ Estado actual: 2 / 5 servicios OK
❌ TeaStore aún no está listo. Reintentando en 10s...
   ➤ Estado actual: 5 / 5 servicios OK
✔ TODOS los servicios del TeaStore están OK. Continuando...
=== Escenario low ===
🚀 Iniciando LIMBO con profile=/home/luish/Documents/death/teastore/TeaStore/examples/httploadgenerator/increasingLowIntensity.csv y script=/home/luish/Documents/death/teastore/TeaStore/examples/httploadgenerator/teastore_browse.lua
Nov 27, 2025 11:00:51 PM tools.descartes.dlim.httploadgenerator.runner.Director executeDirector
WARNING: No power measurements
Nov 27, 2025 11:00:51 PM tools.descartes.dlim.httploadgenerator.runner.Director executeDirector
INFO: Load Generator Thread Count set to 128
Nov 27, 2025 11:00:51 PM tools.descartes.dlim.httploadgenerator.runner.Director executeDirector
INFO: URL connection timout set to 10000 ms
Nov 27, 2025 11:00:51 PM tools.descartes.dlim.httploadgenerator.runner.Director executeDirector
INFO: Using Lua Script: /home/luish/Documents/death/teastore/TeaStore/examples/httploadgenerator/teastore_browse.lua
Nov 27, 2025 11:00:51 PM tools.descartes.dlim.httploadgenerator.runner.LoadGeneratorCommunicator <init>
SEVERE: Could not connect to LoadGenerator.
Nov 27, 2025 11:00:51 PM tools.descartes.dlim.httploadgenerator.runner.Director process
INFO: Read 120 Arrival Rate Tuples
Exception in thread "main" java.lang.NullPointerException: Cannot invoke "java.io.PrintWriter.write(String)" because "this.out" is null
	at tools.descartes.dlim.httploadgenerator.runner.LoadGeneratorCommunicator.sendArrivalRates(LoadGeneratorCommunicator.java:102)
	at tools.descartes.dlim.httploadgenerator.runner.Director.lambda$process$1(Director.java:174)
	at java.base/java.util.stream.ForEachOps$ForEachOp$OfRef.accept(ForEachOps.java:183)
	at java.base/java.util.ArrayList$ArrayListSpliterator.forEachRemaining(ArrayList.java:1625)
	at java.base/java.util.stream.AbstractPipeline.copyInto(AbstractPipeline.java:509)
	at java.base/java.util.stream.ForEachOps$ForEachTask.compute(ForEachOps.java:290)
	at java.base/java.util.concurrent.CountedCompleter.exec(CountedCompleter.java:754)
	at java.base/java.util.concurrent.ForkJoinTask.doExec(ForkJoinTask.java:373)
	at java.base/java.util.concurrent.ForkJoinTask.invoke(ForkJoinTask.java:686)
	at java.base/java.util.stream.ForEachOps$ForEachOp.evaluateParallel(ForEachOps.java:159)
	at java.base/java.util.stream.ForEachOps$ForEachOp$OfRef.evaluateParallel(ForEachOps.java:173)
	at java.base/java.util.stream.AbstractPipeline.evaluate(AbstractPipeline.java:233)
	at java.base/java.util.stream.ReferencePipeline.forEach(ReferencePipeline.java:596)
	at java.base/java.util.stream.ReferencePipeline$Head.forEach(ReferencePipeline.java:765)
	at tools.descartes.dlim.httploadgenerator.runner.Director.process(Director.java:174)
	at tools.descartes.dlim.httploadgenerator.runner.Director.executeDirector(Director.java:117)
	at tools.descartes.dlim.httploadgenerator.runner.cli.DirectorCommand.run(DirectorCommand.java:114)
	at tools.descartes.dlim.httploadgenerator.runner.Main.main(Main.java:87)
⏳ Esperando a que todos los pods de TeaStore estén Running y Ready...
⏳ Esperando 15s a que CoreDNS se estabilice...
⏳ Verificando estado del TeaStore en http://192.168.18.34:30080/tools.descartes.teastore.webui/status ...
   ➤ Estado actual: 2 / 5 servicios OK
❌ TeaStore aún no está listo. Reintentando en 10s...
   ➤ Estado actual: 2 / 5 servicios OK
❌ TeaStore aún no está listo. Reintentando en 10s...
   ➤ Estado actual: 2 / 5 servicios OK
❌ TeaStore aún no está listo. Reintentando en 10s...
   ➤ Estado actual: 2 / 5 servicios OK
❌ TeaStore aún no está listo. Reintentando en 10s...
   ➤ Estado actual: 2 / 5 servicios OK
❌ TeaStore aún no está listo. Reintentando en 10s...
   ➤ Estado actual: 2 / 5 servicios OK
❌ TeaStore aún no está listo. Reintentando en 10s...
   ➤ Estado actual: 2 / 5 servicios OK
❌ TeaStore aún no está listo. Reintentando en 10s...
   ➤ Estado actual: 2 / 5 servicios OK
❌ TeaStore aún no está listo. Reintentando en 10s...
   ➤ Estado actual: 2 / 5 servicios OK
❌ TeaStore aún no está listo. Reintentando en 10s...
   ➤ Estado actual: 2 / 5 servicios OK
❌ TeaStore aún no está listo. Reintentando en 10s...
   ➤ Estado actual: 2 / 5 servicios OK
❌ TeaStore aún no está listo. Reintentando en 10s...
   ➤ Estado actual: 3 / 5 servicios OK
❌ TeaStore aún no está listo. Reintentando en 10s...
   ➤ Estado actual: 5 / 5 servicios OK
✔ TODOS los servicios del TeaStore están OK. Continuando...
=== Escenario low ===
🚀 Iniciando LIMBO con profile=/home/luish/Documents/death/teastore/TeaStore/examples/httploadgenerator/increasingLowIntensity.csv y script=/home/luish/Documents/death/teastore/TeaStore/examples/httploadgenerator/teastore_browse.lua
Nov 28, 2025 9:05:13 AM tools.descartes.dlim.httploadgenerator.runner.Director executeDirector
WARNING: No power measurements
Nov 28, 2025 9:05:13 AM tools.descartes.dlim.httploadgenerator.runner.Director executeDirector
INFO: Load Generator Thread Count set to 128
Nov 28, 2025 9:05:13 AM tools.descartes.dlim.httploadgenerator.runner.Director executeDirector
INFO: URL connection timout set to 10000 ms
Nov 28, 2025 9:05:13 AM tools.descartes.dlim.httploadgenerator.runner.Director executeDirector
INFO: Using Lua Script: /home/luish/Documents/death/teastore/TeaStore/examples/httploadgenerator/teastore_browse.lua
Nov 28, 2025 9:05:13 AM tools.descartes.dlim.httploadgenerator.runner.Director process
INFO: Read 120 Arrival Rate Tuples
Load Generator sent: ok
Nov 28, 2025 9:05:13 AM tools.descartes.dlim.httploadgenerator.runner.Director process
INFO: Arrival Rates sent to Load Generator(s).
Load Generator sent: ok
Nov 28, 2025 9:05:13 AM tools.descartes.dlim.httploadgenerator.runner.Director process
INFO: Thread Count sent to Load Generator(s): 128
Load Generator sent: ok
Nov 28, 2025 9:05:13 AM tools.descartes.dlim.httploadgenerator.runner.Director process
INFO: URL connection timeout sent to Load Generator(s): 10000
Load Generator sent: ok
Nov 28, 2025 9:05:13 AM tools.descartes.dlim.httploadgenerator.runner.Director process
INFO: Contents of script sent to Load Generator: /home/luish/Documents/death/teastore/TeaStore/examples/httploadgenerator/teastore_browse.lua
Nov 28, 2025 9:05:13 AM tools.descartes.dlim.httploadgenerator.runner.Director process
INFO: Starting Load Generation
Beginning Run @1764338713971(28.11.2025;09:05:13971)
Target Time = 0.5; Load Intensity = 0.0; #Success = 0; #Failed = 0; #Dropped = 0
Target Time = 1.5; Load Intensity = 1.0; #Success = 0; #Failed = 0; #Dropped = 0
Target Time = 2.5; Load Intensity = 2.0; #Success = 0; #Failed = 0; #Dropped = 0
Target Time = 3.5; Load Intensity = 2.0; #Success = 0; #Failed = 0; #Dropped = 0
Target Time = 4.5; Load Intensity = 3.0; #Success = 8; #Failed = 0; #Dropped = 0
Target Time = 5.5; Load Intensity = 4.0; #Success = 4; #Failed = 0; #Dropped = 0
Target Time = 6.5; Load Intensity = 5.0; #Success = 4; #Failed = 0; #Dropped = 0
Target Time = 7.5; Load Intensity = 6.0; #Success = 6; #Failed = 0; #Dropped = 0
Target Time = 8.5; Load Intensity = 7.0; #Success = 6; #Failed = 0; #Dropped = 0
Target Time = 9.5; Load Intensity = 7.0; #Success = 9; #Failed = 0; #Dropped = 0
Target Time = 10.5; Load Intensity = 8.0; #Success = 7; #Failed = 0; #Dropped = 0
Target Time = 11.5; Load Intensity = 9.0; #Success = 10; #Failed = 0; #Dropped = 0
Target Time = 12.5; Load Intensity = 10.0; #Success = 10; #Failed = 0; #Dropped = 0
Target Time = 13.5; Load Intensity = 11.0; #Success = 8; #Failed = 0; #Dropped = 0
Target Time = 14.5; Load Intensity = 12.0; #Success = 12; #Failed = 0; #Dropped = 0
Target Time = 15.5; Load Intensity = 12.0; #Success = 12; #Failed = 0; #Dropped = 0
Target Time = 16.5; Load Intensity = 13.0; #Success = 9; #Failed = 0; #Dropped = 0
Target Time = 17.5; Load Intensity = 14.0; #Success = 7; #Failed = 0; #Dropped = 0
Target Time = 18.5; Load Intensity = 15.0; #Success = 4; #Failed = 0; #Dropped = 0
Target Time = 19.5; Load Intensity = 16.0; #Success = 5; #Failed = 0; #Dropped = 0
Target Time = 20.5; Load Intensity = 17.0; #Success = 7; #Failed = 0; #Dropped = 0
Target Time = 21.5; Load Intensity = 17.0; #Success = 3; #Failed = 0; #Dropped = 0
Target Time = 22.5; Load Intensity = 18.0; #Success = 2; #Failed = 0; #Dropped = 0
Target Time = 23.5; Load Intensity = 19.0; #Success = 0; #Failed = 0; #Dropped = 0
Target Time = 24.5; Load Intensity = 20.0; #Success = 16; #Failed = 0; #Dropped = 0
Target Time = 25.5; Load Intensity = 21.0; #Success = 1; #Failed = 0; #Dropped = 0
Target Time = 26.5; Load Intensity = 22.0; #Success = 0; #Failed = 0; #Dropped = 0
Target Time = 27.5; Load Intensity = 22.0; #Success = 0; #Failed = 0; #Dropped = 0
Target Time = 28.5; Load Intensity = 23.0; #Success = 0; #Failed = 0; #Dropped = 0
Target Time = 29.5; Load Intensity = 24.0; #Success = 7; #Failed = 0; #Dropped = 0
Target Time = 30.5; Load Intensity = 25.0; #Success = 16; #Failed = 0; #Dropped = 0
Target Time = 31.5; Load Intensity = 26.0; #Success = 11; #Failed = 7; #Dropped = 0
Target Time = 32.5; Load Intensity = 27.0; #Success = 14; #Failed = 5; #Dropped = 0
Target Time = 33.5; Load Intensity = 27.0; #Success = 15; #Failed = 4; #Dropped = 0
Target Time = 34.5; Load Intensity = 28.0; #Success = 15; #Failed = 5; #Dropped = 0
Target Time = 35.5; Load Intensity = 29.0; #Success = 17; #Failed = 3; #Dropped = 0
Target Time = 36.5; Load Intensity = 30.0; #Success = 8; #Failed = 1; #Dropped = 0
Target Time = 37.5; Load Intensity = 31.0; #Success = 0; #Failed = 0; #Dropped = 0
Target Time = 38.5; Load Intensity = 32.0; #Success = 0; #Failed = 0; #Dropped = 0
Target Time = 39.5; Load Intensity = 32.0; #Success = 4; #Failed = 3; #Dropped = 0
Target Time = 40.5; Load Intensity = 33.0; #Success = 17; #Failed = 5; #Dropped = 0
Target Time = 41.5; Load Intensity = 34.0; #Success = 18; #Failed = 13; #Dropped = 0
Target Time = 42.5; Load Intensity = 35.0; #Success = 18; #Failed = 13; #Dropped = 0
Target Time = 43.5; Load Intensity = 36.0; #Success = 19; #Failed = 5; #Dropped = 0
Target Time = 44.5; Load Intensity = 37.0; #Success = 20; #Failed = 7; #Dropped = 0
Target Time = 45.5; Load Intensity = 37.0; #Success = 20; #Failed = 8; #Dropped = 0
Target Time = 46.5; Load Intensity = 38.0; #Success = 9; #Failed = 6; #Dropped = 0
Target Time = 47.5; Load Intensity = 39.0; #Success = 0; #Failed = 0; #Dropped = 0
Target Time = 48.5; Load Intensity = 40.0; #Success = 0; #Failed = 0; #Dropped = 0
Target Time = 49.5; Load Intensity = 41.0; #Success = 7; #Failed = 0; #Dropped = 48
Target Time = 50.5; Load Intensity = 42.0; #Success = 18; #Failed = 5; #Dropped = 17
Target Time = 51.5; Load Intensity = 42.0; #Success = 9; #Failed = 18; #Dropped = 0
Target Time = 52.5; Load Intensity = 43.0; #Success = 29; #Failed = 4; #Dropped = 10
Target Time = 53.5; Load Intensity = 44.0; #Success = 17; #Failed = 8; #Dropped = 0
Target Time = 54.5; Load Intensity = 45.0; #Success = 5; #Failed = 1; #Dropped = 27
Target Time = 55.5; Load Intensity = 46.0; #Success = 10; #Failed = 0; #Dropped = 32
Target Time = 56.5; Load Intensity = 47.0; #Success = 10; #Failed = 4; #Dropped = 29
Target Time = 57.5; Load Intensity = 47.0; #Success = 20; #Failed = 8; #Dropped = 14
Target Time = 58.5; Load Intensity = 48.0; #Success = 0; #Failed = 1; #Dropped = 1
Target Time = 59.5; Load Intensity = 49.0; #Success = 4; #Failed = 2; #Dropped = 55
Target Time = 60.5; Load Intensity = 50.0; #Success = 8; #Failed = 0; #Dropped = 41
Target Time = 61.5; Load Intensity = 51.0; #Success = 6; #Failed = 2; #Dropped = 15
Target Time = 62.5; Load Intensity = 52.0; #Success = 18; #Failed = 0; #Dropped = 48
Target Time = 63.5; Load Intensity = 52.0; #Success = 30; #Failed = 0; #Dropped = 17
Target Time = 64.5; Load Intensity = 53.0; #Success = 5; #Failed = 0; #Dropped = 27
Target Time = 65.5; Load Intensity = 54.0; #Success = 8; #Failed = 2; #Dropped = 45
Target Time = 66.5; Load Intensity = 55.0; #Success = 12; #Failed = 0; #Dropped = 30
Target Time = 67.5; Load Intensity = 56.0; #Success = 30; #Failed = 0; #Dropped = 27
Target Time = 68.5; Load Intensity = 57.0; #Success = 1; #Failed = 0; #Dropped = 6
Target Time = 69.5; Load Intensity = 57.0; #Success = 6; #Failed = 3; #Dropped = 65
Target Time = 70.5; Load Intensity = 58.0; #Success = 8; #Failed = 1; #Dropped = 51
Target Time = 71.5; Load Intensity = 59.0; #Success = 7; #Failed = 4; #Dropped = 22
Target Time = 72.5; Load Intensity = 60.0; #Success = 19; #Failed = 0; #Dropped = 58
Target Time = 73.5; Load Intensity = 61.0; #Success = 28; #Failed = 4; #Dropped = 4
Target Time = 74.5; Load Intensity = 62.0; #Success = 6; #Failed = 0; #Dropped = 48
Target Time = 75.5; Load Intensity = 62.0; #Success = 10; #Failed = 0; #Dropped = 56
Target Time = 76.5; Load Intensity = 63.0; #Success = 13; #Failed = 1; #Dropped = 44
Target Time = 77.5; Load Intensity = 64.0; #Success = 28; #Failed = 5; #Dropped = 29
Target Time = 78.5; Load Intensity = 65.0; #Success = 1; #Failed = 7; #Dropped = 49
Target Time = 79.5; Load Intensity = 66.0; #Success = 4; #Failed = 14; #Dropped = 29
Target Time = 80.5; Load Intensity = 67.0; #Success = 1; #Failed = 7; #Dropped = 61
Target Time = 81.5; Load Intensity = 67.0; #Success = 5; #Failed = 2; #Dropped = 27
Target Time = 82.5; Load Intensity = 68.0; #Success = 18; #Failed = 4; #Dropped = 56
Target Time = 83.5; Load Intensity = 69.0; #Success = 20; #Failed = 0; #Dropped = 42
Target Time = 84.5; Load Intensity = 70.0; #Success = 8; #Failed = 3; #Dropped = 50
Target Time = 85.5; Load Intensity = 71.0; #Success = 7; #Failed = 2; #Dropped = 45
Target Time = 86.5; Load Intensity = 72.0; #Success = 7; #Failed = 1; #Dropped = 61
Target Time = 87.5; Load Intensity = 72.0; #Success = 27; #Failed = 0; #Dropped = 34
Target Time = 88.5; Load Intensity = 73.0; #Success = 5; #Failed = 0; #Dropped = 45
Target Time = 89.5; Load Intensity = 74.0; #Success = 12; #Failed = 0; #Dropped = 65
Target Time = 90.5; Load Intensity = 75.0; #Success = 2; #Failed = 0; #Dropped = 32
Target Time = 91.5; Load Intensity = 76.0; #Success = 12; #Failed = 0; #Dropped = 70
Target Time = 92.5; Load Intensity = 77.0; #Success = 23; #Failed = 0; #Dropped = 73
Target Time = 93.5; Load Intensity = 77.0; #Success = 19; #Failed = 0; #Dropped = 25
Target Time = 94.5; Load Intensity = 78.0; #Success = 10; #Failed = 0; #Dropped = 77
Target Time = 95.5; Load Intensity = 79.0; #Success = 10; #Failed = 0; #Dropped = 54
Target Time = 96.5; Load Intensity = 80.0; #Success = 11; #Failed = 0; #Dropped = 78
Target Time = 97.5; Load Intensity = 81.0; #Success = 24; #Failed = 0; #Dropped = 37
Target Time = 98.5; Load Intensity = 82.0; #Success = 5; #Failed = 0; #Dropped = 53
Target Time = 99.5; Load Intensity = 82.0; #Success = 13; #Failed = 0; #Dropped = 85
Target Time = 100.5; Load Intensity = 83.0; #Success = 1; #Failed = 0; #Dropped = 29
Target Time = 101.5; Load Intensity = 84.0; #Success = 15; #Failed = 0; #Dropped = 89
Target Time = 102.5; Load Intensity = 85.0; #Success = 25; #Failed = 0; #Dropped = 64
Target Time = 103.5; Load Intensity = 86.0; #Success = 16; #Failed = 0; #Dropped = 44
Target Time = 104.5; Load Intensity = 87.0; #Success = 9; #Failed = 0; #Dropped = 91
Target Time = 105.5; Load Intensity = 87.0; #Success = 9; #Failed = 0; #Dropped = 61
Target Time = 106.5; Load Intensity = 88.0; #Success = 9; #Failed = 0; #Dropped = 77
Target Time = 107.5; Load Intensity = 89.0; #Success = 25; #Failed = 1; #Dropped = 50
Target Time = 108.5; Load Intensity = 90.0; #Success = 6; #Failed = 0; #Dropped = 85
Target Time = 109.5; Load Intensity = 91.0; #Success = 12; #Failed = 0; #Dropped = 65
Target Time = 110.5; Load Intensity = 92.0; #Success = 7; #Failed = 0; #Dropped = 92
Target Time = 111.5; Load Intensity = 92.0; #Success = 8; #Failed = 1; #Dropped = 41
Target Time = 112.5; Load Intensity = 93.0; #Success = 21; #Failed = 3; #Dropped = 62
Target Time = 113.5; Load Intensity = 94.0; #Success = 17; #Failed = 6; #Dropped = 56
Target Time = 114.5; Load Intensity = 95.0; #Success = 9; #Failed = 0; #Dropped = 103
Target Time = 115.5; Load Intensity = 96.0; #Success = 9; #Failed = 4; #Dropped = 59
Target Time = 116.5; Load Intensity = 97.0; #Success = 11; #Failed = 24; #Dropped = 82
Target Time = 117.5; Load Intensity = 97.0; #Success = 24; #Failed = 4; #Dropped = 44
Target Time = 118.5; Load Intensity = 98.0; #Success = 6; #Failed = 0; #Dropped = 87
Target Time = 119.5; Load Intensity = 99.0; #Success = 6; #Failed = 0; #Dropped = 34
Target Time = 120.5; Load Intensity = 0.0; #Success = 1; #Failed = 0; #Dropped = 98
Target Time = 121.5; Load Intensity = 0.0; #Success = 5; #Failed = 0; #Dropped = 114
Target Time = 122.5; Load Intensity = 0.0; #Success = 12; #Failed = 0; #Dropped = 110
Target Time = 123.5; Load Intensity = 0.0; #Success = 13; #Failed = 1; #Dropped = 59
Target Time = 124.5; Load Intensity = 0.0; #Success = 9; #Failed = 0; #Dropped = 90
Target Time = 125.5; Load Intensity = 0.0; #Success = 13; #Failed = 0; #Dropped = 73
Target Time = 126.5; Load Intensity = 0.0; #Success = 33; #Failed = 0; #Dropped = 88
Target Time = 127.5; Load Intensity = 0.0; #Success = 29; #Failed = 0; #Dropped = 56
Target Time = 128.5; Load Intensity = 0.0; #Success = 5; #Failed = 0; #Dropped = 75
Target Time = 129.5; Load Intensity = 0.0; #Success = 7; #Failed = 4; #Dropped = 62
Target Time = 130.5; Load Intensity = 0.0; #Success = 1; #Failed = 0; #Dropped = 46
Target Time = 131.5; Load Intensity = 0.0; #Success = 5; #Failed = 0; #Dropped = 0
Target Time = 132.5; Load Intensity = 0.0; #Success = 12; #Failed = 0; #Dropped = 0
Target Time = 133.5; Load Intensity = 0.0; #Success = 13; #Failed = 1; #Dropped = 0
Target Time = 134.5; Load Intensity = 0.0; #Success = 9; #Failed = 0; #Dropped = 0
Target Time = 135.5; Load Intensity = 0.0; #Success = 13; #Failed = 0; #Dropped = 0
Target Time = 136.5; Load Intensity = 0.0; #Success = 31; #Failed = 0; #Dropped = 0
Target Time = 137.5; Load Intensity = 0.0; #Success = 30; #Failed = 1; #Dropped = 0
Target Time = 138.5; Load Intensity = 0.0; #Success = 1; #Failed = 8; #Dropped = 0
Target Time = 139.5; Load Intensity = 0.0; #Success = 3; #Failed = 0; #Dropped = 0
Workload finished.
Log finished.
📄 LIMBO finalizado para scenario=low
⏸ Escenario low completado, esperando 5 segundos antes del siguiente...
⏳ Esperando a que todos los pods de TeaStore estén Running y Ready...
⏳ Esperando 15s a que CoreDNS se estabilice...
⏳ Verificando estado del TeaStore en http://192.168.18.33:30080/tools.descartes.teastore.webui/status ...
   ➤ Estado actual: 2 / 5 servicios OK
❌ TeaStore aún no está listo. Reintentando en 10s...
   ➤ Estado actual: 2 / 5 servicios OK
❌ TeaStore aún no está listo. Reintentando en 10s...
   ➤ Estado actual: 2 / 5 servicios OK
❌ TeaStore aún no está listo. Reintentando en 10s...
   ➤ Estado actual: 2 / 5 servicios OK
❌ TeaStore aún no está listo. Reintentando en 10s...
   ➤ Estado actual: 2 / 5 servicios OK
❌ TeaStore aún no está listo. Reintentando en 10s...
   ➤ Estado actual: 2 / 5 servicios OK
❌ TeaStore aún no está listo. Reintentando en 10s...
   ➤ Estado actual: 2 / 5 servicios OK
❌ TeaStore aún no está listo. Reintentando en 10s...
   ➤ Estado actual: 2 / 5 servicios OK
❌ TeaStore aún no está listo. Reintentando en 10s...
   ➤ Estado actual: 2 / 5 servicios OK
❌ TeaStore aún no está listo. Reintentando en 10s...
   ➤ Estado actual: 2 / 5 servicios OK
❌ TeaStore aún no está listo. Reintentando en 10s...
   ➤ Estado actual: 2 / 5 servicios OK
❌ TeaStore aún no está listo. Reintentando en 10s...
   ➤ Estado actual: 2 / 5 servicios OK
❌ TeaStore aún no está listo. Reintentando en 10s...
   ➤ Estado actual: 2 / 5 servicios OK
❌ TeaStore aún no está listo. Reintentando en 10s...
   ➤ Estado actual: 2 / 5 servicios OK
❌ TeaStore aún no está listo. Reintentando en 10s...
   ➤ Estado actual: 2 / 5 servicios OK
❌ TeaStore aún no está listo. Reintentando en 10s...
   ➤ Estado actual: 5 / 5 servicios OK
✔ TODOS los servicios del TeaStore están OK. Continuando...
=== Escenario medium ===
🚀 Iniciando LIMBO con profile=/home/luish/Documents/death/teastore/TeaStore/examples/httploadgenerator/increasingMedIntensity.csv y script=/home/luish/Documents/death/teastore/TeaStore/examples/httploadgenerator/teastore_browse.lua
Nov 28, 2025 9:11:44 AM tools.descartes.dlim.httploadgenerator.runner.Director executeDirector
WARNING: No power measurements
Nov 28, 2025 9:11:44 AM tools.descartes.dlim.httploadgenerator.runner.Director executeDirector
INFO: Load Generator Thread Count set to 128
Nov 28, 2025 9:11:44 AM tools.descartes.dlim.httploadgenerator.runner.Director executeDirector
INFO: URL connection timout set to 10000 ms
Nov 28, 2025 9:11:44 AM tools.descartes.dlim.httploadgenerator.runner.Director executeDirector
INFO: Using Lua Script: /home/luish/Documents/death/teastore/TeaStore/examples/httploadgenerator/teastore_browse.lua
Nov 28, 2025 9:11:44 AM tools.descartes.dlim.httploadgenerator.runner.Director process
INFO: Read 120 Arrival Rate Tuples
Load Generator sent: ok
Nov 28, 2025 9:11:44 AM tools.descartes.dlim.httploadgenerator.runner.Director process
INFO: Arrival Rates sent to Load Generator(s).
Load Generator sent: ok
Nov 28, 2025 9:11:44 AM tools.descartes.dlim.httploadgenerator.runner.Director process
INFO: Thread Count sent to Load Generator(s): 128
Load Generator sent: ok
Nov 28, 2025 9:11:44 AM tools.descartes.dlim.httploadgenerator.runner.Director process
INFO: URL connection timeout sent to Load Generator(s): 10000
Load Generator sent: ok
Nov 28, 2025 9:11:44 AM tools.descartes.dlim.httploadgenerator.runner.Director process
INFO: Contents of script sent to Load Generator: /home/luish/Documents/death/teastore/TeaStore/examples/httploadgenerator/teastore_browse.lua
Nov 28, 2025 9:11:44 AM tools.descartes.dlim.httploadgenerator.runner.Director process
INFO: Starting Load Generation
Beginning Run @1764339104370(28.11.2025;09:11:44370)
Target Time = 0.5; Load Intensity = 8.0; #Success = 0; #Failed = 0; #Dropped = 0
Target Time = 1.5; Load Intensity = 16.0; #Success = 0; #Failed = 0; #Dropped = 0
Target Time = 2.5; Load Intensity = 25.0; #Success = 31; #Failed = 2; #Dropped = 0
Target Time = 3.5; Load Intensity = 33.0; #Success = 16; #Failed = 0; #Dropped = 0
Target Time = 4.5; Load Intensity = 41.0; #Success = 27; #Failed = 0; #Dropped = 0
Target Time = 5.5; Load Intensity = 50.0; #Success = 1; #Failed = 0; #Dropped = 0
Target Time = 6.5; Load Intensity = 58.0; #Success = 4; #Failed = 0; #Dropped = 0
Target Time = 7.5; Load Intensity = 66.0; #Success = 4; #Failed = 0; #Dropped = 0
Target Time = 8.5; Load Intensity = 75.0; #Success = 2; #Failed = 0; #Dropped = 0
Target Time = 9.5; Load Intensity = 83.0; #Success = 9; #Failed = 0; #Dropped = 0
Target Time = 10.5; Load Intensity = 91.0; #Success = 4; #Failed = 0; #Dropped = 0
Target Time = 11.5; Load Intensity = 100.0; #Success = 5; #Failed = 12; #Dropped = 0
Target Time = 12.5; Load Intensity = 108.0; #Success = 3; #Failed = 0; #Dropped = 0
Target Time = 13.5; Load Intensity = 116.0; #Success = 2; #Failed = 0; #Dropped = 0
Target Time = 14.5; Load Intensity = 125.0; #Success = 16; #Failed = 0; #Dropped = 0
Target Time = 15.5; Load Intensity = 133.0; #Success = 29; #Failed = 9; #Dropped = 0
Target Time = 16.5; Load Intensity = 141.0; #Success = 29; #Failed = 3; #Dropped = 0
Target Time = 17.5; Load Intensity = 150.0; #Success = 3; #Failed = 2; #Dropped = 0
Target Time = 18.5; Load Intensity = 158.0; #Success = 8; #Failed = 0; #Dropped = 31
Target Time = 19.5; Load Intensity = 166.0; #Success = 11; #Failed = 0; #Dropped = 36
Target Time = 20.5; Load Intensity = 175.0; #Success = 7; #Failed = 0; #Dropped = 91
Target Time = 21.5; Load Intensity = 183.0; #Success = 7; #Failed = 0; #Dropped = 108
Target Time = 22.5; Load Intensity = 191.0; #Success = 12; #Failed = 0; #Dropped = 100
Target Time = 23.5; Load Intensity = 200.0; #Success = 7; #Failed = 0; #Dropped = 109
Target Time = 24.5; Load Intensity = 208.0; #Success = 10; #Failed = 0; #Dropped = 118
Target Time = 25.5; Load Intensity = 216.0; #Success = 29; #Failed = 0; #Dropped = 98
Target Time = 26.5; Load Intensity = 225.0; #Success = 32; #Failed = 0; #Dropped = 108
Target Time = 27.5; Load Intensity = 233.0; #Success = 5; #Failed = 0; #Dropped = 142
Target Time = 28.5; Load Intensity = 241.0; #Success = 6; #Failed = 1; #Dropped = 161
Target Time = 29.5; Load Intensity = 250.0; #Success = 14; #Failed = 0; #Dropped = 150
Target Time = 30.5; Load Intensity = 258.0; #Success = 22; #Failed = 0; #Dropped = 142
Target Time = 31.5; Load Intensity = 266.0; #Success = 10; #Failed = 0; #Dropped = 204
Target Time = 32.5; Load Intensity = 275.0; #Success = 3; #Failed = 0; #Dropped = 140
Target Time = 33.5; Load Intensity = 283.0; #Success = 8; #Failed = 0; #Dropped = 222
Target Time = 34.5; Load Intensity = 291.0; #Success = 8; #Failed = 0; #Dropped = 173
Target Time = 35.5; Load Intensity = 300.0; #Success = 19; #Failed = 0; #Dropped = 209
Target Time = 36.5; Load Intensity = 308.0; #Success = 33; #Failed = 0; #Dropped = 218
Target Time = 37.5; Load Intensity = 316.0; #Success = 4; #Failed = 0; #Dropped = 182
Target Time = 38.5; Load Intensity = 325.0; #Success = 8; #Failed = 0; #Dropped = 281
Target Time = 39.5; Load Intensity = 333.0; #Success = 14; #Failed = 0; #Dropped = 210
Target Time = 40.5; Load Intensity = 341.0; #Success = 22; #Failed = 0; #Dropped = 224
Target Time = 41.5; Load Intensity = 350.0; #Success = 9; #Failed = 0; #Dropped = 256
Target Time = 42.5; Load Intensity = 358.0; #Success = 4; #Failed = 0; #Dropped = 218
Target Time = 43.5; Load Intensity = 366.0; #Success = 14; #Failed = 0; #Dropped = 350
Target Time = 44.5; Load Intensity = 375.0; #Success = 12; #Failed = 0; #Dropped = 307
Target Time = 45.5; Load Intensity = 383.0; #Success = 26; #Failed = 0; #Dropped = 238
Target Time = 46.5; Load Intensity = 391.0; #Success = 17; #Failed = 0; #Dropped = 291
Target Time = 47.5; Load Intensity = 400.0; #Success = 3; #Failed = 0; #Dropped = 214
Target Time = 48.5; Load Intensity = 408.0; #Success = 21; #Failed = 0; #Dropped = 401
Target Time = 49.5; Load Intensity = 416.0; #Success = 26; #Failed = 0; #Dropped = 289
Target Time = 50.5; Load Intensity = 425.0; #Success = 13; #Failed = 0; #Dropped = 263
Target Time = 51.5; Load Intensity = 433.0; #Success = 5; #Failed = 0; #Dropped = 401
Target Time = 52.5; Load Intensity = 441.0; #Success = 18; #Failed = 0; #Dropped = 362
Target Time = 53.5; Load Intensity = 450.0; #Success = 8; #Failed = 0; #Dropped = 349
Target Time = 54.5; Load Intensity = 458.0; #Success = 17; #Failed = 0; #Dropped = 277
Target Time = 55.5; Load Intensity = 466.0; #Success = 14; #Failed = 5; #Dropped = 486
Target Time = 56.5; Load Intensity = 475.0; #Success = 6; #Failed = 0; #Dropped = 324
Target Time = 57.5; Load Intensity = 483.0; #Success = 3; #Failed = 0; #Dropped = 431
Target Time = 58.5; Load Intensity = 491.0; #Success = 21; #Failed = 0; #Dropped = 471
Target Time = 59.5; Load Intensity = 500.0; #Success = 18; #Failed = 0; #Dropped = 293
Target Time = 60.5; Load Intensity = 508.0; #Success = 13; #Failed = 0; #Dropped = 314
Target Time = 61.5; Load Intensity = 516.0; #Success = 6; #Failed = 0; #Dropped = 599
Target Time = 62.5; Load Intensity = 525.0; #Success = 17; #Failed = 0; #Dropped = 366
Target Time = 63.5; Load Intensity = 533.0; #Success = 9; #Failed = 0; #Dropped = 476
Target Time = 64.5; Load Intensity = 541.0; #Success = 16; #Failed = 0; #Dropped = 301
Target Time = 65.5; Load Intensity = 550.0; #Success = 19; #Failed = 0; #Dropped = 569
Target Time = 66.5; Load Intensity = 558.0; #Success = 6; #Failed = 0; #Dropped = 442
Target Time = 67.5; Load Intensity = 566.0; #Success = 2; #Failed = 0; #Dropped = 442
Target Time = 68.5; Load Intensity = 575.0; #Success = 19; #Failed = 0; #Dropped = 537
Target Time = 69.5; Load Intensity = 583.0; #Success = 21; #Failed = 9; #Dropped = 449
Target Time = 70.5; Load Intensity = 591.0; #Success = 13; #Failed = 6; #Dropped = 362
Target Time = 71.5; Load Intensity = 600.0; #Success = 6; #Failed = 2; #Dropped = 655
Target Time = 72.5; Load Intensity = 608.0; #Success = 17; #Failed = 6; #Dropped = 489
Target Time = 73.5; Load Intensity = 616.0; #Success = 8; #Failed = 6; #Dropped = 525
Target Time = 74.5; Load Intensity = 625.0; #Success = 17; #Failed = 14; #Dropped = 363
Target Time = 75.5; Load Intensity = 633.0; #Success = 19; #Failed = 8; #Dropped = 675
Target Time = 76.5; Load Intensity = 641.0; #Success = 6; #Failed = 1; #Dropped = 494
Target Time = 77.5; Load Intensity = 650.0; #Success = 3; #Failed = 14; #Dropped = 661
Target Time = 78.5; Load Intensity = 658.0; #Success = 7; #Failed = 33; #Dropped = 443
Target Time = 79.5; Load Intensity = 666.0; #Success = 17; #Failed = 3; #Dropped = 554
Target Time = 80.5; Load Intensity = 675.0; #Success = 6; #Failed = 4; #Dropped = 473
Target Time = 81.5; Load Intensity = 683.0; #Success = 3; #Failed = 0; #Dropped = 705
Target Time = 82.5; Load Intensity = 691.0; #Success = 11; #Failed = 0; #Dropped = 600
Target Time = 83.5; Load Intensity = 700.0; #Success = 1; #Failed = 0; #Dropped = 133
Target Time = 84.5; Load Intensity = 708.0; #Success = 12; #Failed = 1; #Dropped = 1199
Target Time = 85.5; Load Intensity = 716.0; #Success = 11; #Failed = 4; #Dropped = 545
Target Time = 86.5; Load Intensity = 725.0; #Success = 6; #Failed = 3; #Dropped = 581
Target Time = 87.5; Load Intensity = 733.0; #Success = 15; #Failed = 2; #Dropped = 728
Target Time = 88.5; Load Intensity = 741.0; #Success = 15; #Failed = 42; #Dropped = 531
Target Time = 89.5; Load Intensity = 750.0; #Success = 11; #Failed = 34; #Dropped = 661
Target Time = 90.5; Load Intensity = 758.0; #Success = 5; #Failed = 24; #Dropped = 588
Target Time = 91.5; Load Intensity = 766.0; #Success = 0; #Failed = 16; #Dropped = 484
Target Time = 92.5; Load Intensity = 775.0; #Success = 6; #Failed = 0; #Dropped = 521
Target Time = 93.5; Load Intensity = 783.0; #Success = 0; #Failed = 0; #Dropped = 0
Target Time = 94.5; Load Intensity = 791.0; #Success = 4; #Failed = 0; #Dropped = 1802
Target Time = 95.5; Load Intensity = 800.0; #Success = 8; #Failed = 1; #Dropped = 705
Target Time = 96.5; Load Intensity = 808.0; #Success = 2; #Failed = 0; #Dropped = 581
Target Time = 97.5; Load Intensity = 816.0; #Success = 16; #Failed = 0; #Dropped = 868
Target Time = 98.5; Load Intensity = 825.0; #Success = 33; #Failed = 0; #Dropped = 661
Target Time = 99.5; Load Intensity = 833.0; #Success = 19; #Failed = 0; #Dropped = 774
Target Time = 100.5; Load Intensity = 841.0; #Success = 23; #Failed = 0; #Dropped = 669
Target Time = 101.5; Load Intensity = 850.0; #Success = 16; #Failed = 0; #Dropped = 580
Target Time = 102.5; Load Intensity = 858.0; #Success = 6; #Failed = 0; #Dropped = 399
Target Time = 103.5; Load Intensity = 866.0; #Success = 0; #Failed = 0; #Dropped = 0
Target Time = 104.5; Load Intensity = 875.0; #Success = 3; #Failed = 1; #Dropped = 1935
Target Time = 105.5; Load Intensity = 883.0; #Success = 10; #Failed = 3; #Dropped = 1033
Target Time = 106.5; Load Intensity = 891.0; #Success = 2; #Failed = 0; #Dropped = 729
Target Time = 107.5; Load Intensity = 900.0; #Success = 14; #Failed = 11; #Dropped = 766
Target Time = 108.5; Load Intensity = 908.0; #Success = 37; #Failed = 23; #Dropped = 906
Target Time = 109.5; Load Intensity = 916.0; #Success = 17; #Failed = 11; #Dropped = 761
Target Time = 110.5; Load Intensity = 925.0; #Success = 23; #Failed = 9; #Dropped = 704
Target Time = 111.5; Load Intensity = 933.0; #Success = 16; #Failed = 0; #Dropped = 624
Target Time = 112.5; Load Intensity = 941.0; #Success = 6; #Failed = 8; #Dropped = 820
Target Time = 113.5; Load Intensity = 950.0; #Success = 0; #Failed = 28; #Dropped = 1117
Target Time = 114.5; Load Intensity = 958.0; #Success = 2; #Failed = 15; #Dropped = 843
Target Time = 115.5; Load Intensity = 966.0; #Success = 3; #Failed = 5; #Dropped = 644
Target Time = 116.5; Load Intensity = 975.0; #Success = 2; #Failed = 2; #Dropped = 1118
Target Time = 117.5; Load Intensity = 983.0; #Success = 10; #Failed = 0; #Dropped = 926
Target Time = 118.5; Load Intensity = 991.0; #Success = 19; #Failed = 1; #Dropped = 930
Target Time = 119.5; Load Intensity = 1000.0; #Success = 16; #Failed = 0; #Dropped = 1027
Target Time = 120.5; Load Intensity = 0.0; #Success = 15; #Failed = 0; #Dropped = 687
Target Time = 121.5; Load Intensity = 0.0; #Success = 9; #Failed = 0; #Dropped = 735
Target Time = 122.5; Load Intensity = 0.0; #Success = 10; #Failed = 0; #Dropped = 913
Target Time = 123.5; Load Intensity = 0.0; #Success = 22; #Failed = 0; #Dropped = 1276
Target Time = 124.5; Load Intensity = 0.0; #Success = 15; #Failed = 0; #Dropped = 827
Target Time = 125.5; Load Intensity = 0.0; #Success = 9; #Failed = 1; #Dropped = 1073
Target Time = 126.5; Load Intensity = 0.0; #Success = 3; #Failed = 0; #Dropped = 770
Target Time = 127.5; Load Intensity = 0.0; #Success = 9; #Failed = 0; #Dropped = 1094
Target Time = 128.5; Load Intensity = 0.0; #Success = 20; #Failed = 0; #Dropped = 1007
Target Time = 129.5; Load Intensity = 0.0; #Success = 14; #Failed = 0; #Dropped = 938
Target Time = 130.5; Load Intensity = 0.0; #Success = 16; #Failed = 0; #Dropped = 47
Target Time = 131.5; Load Intensity = 0.0; #Success = 9; #Failed = 0; #Dropped = 0
Target Time = 132.5; Load Intensity = 0.0; #Success = 10; #Failed = 0; #Dropped = 0
Target Time = 133.5; Load Intensity = 0.0; #Success = 22; #Failed = 0; #Dropped = 0
Target Time = 134.5; Load Intensity = 0.0; #Success = 15; #Failed = 0; #Dropped = 0
Target Time = 135.5; Load Intensity = 0.0; #Success = 11; #Failed = 0; #Dropped = 0
Target Time = 136.5; Load Intensity = 0.0; #Success = 2; #Failed = 0; #Dropped = 0
Target Time = 137.5; Load Intensity = 0.0; #Success = 9; #Failed = 0; #Dropped = 0
Target Time = 138.5; Load Intensity = 0.0; #Success = 20; #Failed = 0; #Dropped = 0
Target Time = 139.5; Load Intensity = 0.0; #Success = 14; #Failed = 0; #Dropped = 0
Workload finished.
Log finished.
📄 LIMBO finalizado para scenario=medium
⏸ Escenario medium completado, esperando 5 segundos antes del siguiente...
⏳ Esperando a que todos los pods de TeaStore estén Running y Ready...
⏳ Esperando 15s a que CoreDNS se estabilice...
⏳ Verificando estado del TeaStore en http://192.168.18.33:30080/tools.descartes.teastore.webui/status ...
   ➤ Estado actual: 2 / 5 servicios OK
❌ TeaStore aún no está listo. Reintentando en 10s...
   ➤ Estado actual: 2 / 5 servicios OK
❌ TeaStore aún no está listo. Reintentando en 10s...
   ➤ Estado actual: 2 / 5 servicios OK
❌ TeaStore aún no está listo. Reintentando en 10s...
   ➤ Estado actual: 2 / 5 servicios OK
❌ TeaStore aún no está listo. Reintentando en 10s...
   ➤ Estado actual: 2 / 5 servicios OK
❌ TeaStore aún no está listo. Reintentando en 10s...
   ➤ Estado actual: 2 / 5 servicios OK
❌ TeaStore aún no está listo. Reintentando en 10s...
   ➤ Estado actual: 2 / 5 servicios OK
❌ TeaStore aún no está listo. Reintentando en 10s...
   ➤ Estado actual: 2 / 5 servicios OK
❌ TeaStore aún no está listo. Reintentando en 10s...
   ➤ Estado actual: 2 / 5 servicios OK
❌ TeaStore aún no está listo. Reintentando en 10s...
   ➤ Estado actual: 2 / 5 servicios OK
❌ TeaStore aún no está listo. Reintentando en 10s...
   ➤ Estado actual: 2 / 5 servicios OK
❌ TeaStore aún no está listo. Reintentando en 10s...
   ➤ Estado actual: 2 / 5 servicios OK
❌ TeaStore aún no está listo. Reintentando en 10s...
   ➤ Estado actual: 2 / 5 servicios OK
❌ TeaStore aún no está listo. Reintentando en 10s...
   ➤ Estado actual: 5 / 5 servicios OK
✔ TODOS los servicios del TeaStore están OK. Continuando...
=== Escenario high ===
🚀 Iniciando LIMBO con profile=/home/luish/Documents/death/teastore/TeaStore/examples/httploadgenerator/increasingHighIntensity.csv y script=/home/luish/Documents/death/teastore/TeaStore/examples/httploadgenerator/teastore_browse.lua
Nov 28, 2025 9:17:53 AM tools.descartes.dlim.httploadgenerator.runner.Director executeDirector
WARNING: No power measurements
Nov 28, 2025 9:17:53 AM tools.descartes.dlim.httploadgenerator.runner.Director executeDirector
INFO: Load Generator Thread Count set to 128
Nov 28, 2025 9:17:53 AM tools.descartes.dlim.httploadgenerator.runner.Director executeDirector
INFO: URL connection timout set to 10000 ms
Nov 28, 2025 9:17:53 AM tools.descartes.dlim.httploadgenerator.runner.Director executeDirector
INFO: Using Lua Script: /home/luish/Documents/death/teastore/TeaStore/examples/httploadgenerator/teastore_browse.lua
Nov 28, 2025 9:17:53 AM tools.descartes.dlim.httploadgenerator.runner.Director process
INFO: Read 120 Arrival Rate Tuples
Load Generator sent: ok
Nov 28, 2025 9:17:53 AM tools.descartes.dlim.httploadgenerator.runner.Director process
INFO: Arrival Rates sent to Load Generator(s).
Load Generator sent: ok
Nov 28, 2025 9:17:53 AM tools.descartes.dlim.httploadgenerator.runner.Director process
INFO: Thread Count sent to Load Generator(s): 128
Load Generator sent: ok
Nov 28, 2025 9:17:53 AM tools.descartes.dlim.httploadgenerator.runner.Director process
INFO: URL connection timeout sent to Load Generator(s): 10000
Load Generator sent: ok
Nov 28, 2025 9:17:53 AM tools.descartes.dlim.httploadgenerator.runner.Director process
INFO: Contents of script sent to Load Generator: /home/luish/Documents/death/teastore/TeaStore/examples/httploadgenerator/teastore_browse.lua
Nov 28, 2025 9:17:53 AM tools.descartes.dlim.httploadgenerator.runner.Director process
INFO: Starting Load Generation
Beginning Run @1764339473658(28.11.2025;09:17:53658)
Target Time = 0.5; Load Intensity = 16.0; #Success = 0; #Failed = 0; #Dropped = 0
Target Time = 1.5; Load Intensity = 33.0; #Success = 0; #Failed = 0; #Dropped = 0
Target Time = 2.5; Load Intensity = 50.0; #Success = 44; #Failed = 0; #Dropped = 0
Target Time = 3.5; Load Intensity = 66.0; #Success = 31; #Failed = 0; #Dropped = 0
Target Time = 4.5; Load Intensity = 83.0; #Success = 37; #Failed = 0; #Dropped = 0
Target Time = 5.5; Load Intensity = 100.0; #Success = 34; #Failed = 0; #Dropped = 0
Target Time = 6.5; Load Intensity = 116.0; #Success = 51; #Failed = 0; #Dropped = 0
Target Time = 7.5; Load Intensity = 133.0; #Success = 40; #Failed = 0; #Dropped = 0
Target Time = 8.5; Load Intensity = 150.0; #Success = 18; #Failed = 0; #Dropped = 0
Target Time = 9.5; Load Intensity = 166.0; #Success = 3; #Failed = 0; #Dropped = 0
Target Time = 10.5; Load Intensity = 183.0; #Success = 30; #Failed = 0; #Dropped = 0
Target Time = 11.5; Load Intensity = 200.0; #Success = 96; #Failed = 0; #Dropped = 0
Target Time = 12.5; Load Intensity = 216.0; #Success = 0; #Failed = 0; #Dropped = 0
Target Time = 13.5; Load Intensity = 233.0; #Success = 0; #Failed = 0; #Dropped = 0
Target Time = 14.5; Load Intensity = 250.0; #Success = 0; #Failed = 0; #Dropped = 0
Target Time = 15.5; Load Intensity = 266.0; #Success = 0; #Failed = 0; #Dropped = 0
Target Time = 16.5; Load Intensity = 283.0; #Success = 0; #Failed = 0; #Dropped = 0
Target Time = 17.5; Load Intensity = 300.0; #Success = 0; #Failed = 0; #Dropped = 0
Target Time = 18.5; Load Intensity = 316.0; #Success = 0; #Failed = 0; #Dropped = 0
Target Time = 19.5; Load Intensity = 333.0; #Success = 2; #Failed = 0; #Dropped = 328
Target Time = 20.5; Load Intensity = 350.0; #Success = 30; #Failed = 0; #Dropped = 227
Target Time = 21.5; Load Intensity = 366.0; #Success = 96; #Failed = 0; #Dropped = 111
Target Time = 22.5; Load Intensity = 383.0; #Success = 0; #Failed = 0; #Dropped = 0
Target Time = 23.5; Load Intensity = 400.0; #Success = 0; #Failed = 17; #Dropped = 461
Target Time = 24.5; Load Intensity = 416.0; #Success = 0; #Failed = 0; #Dropped = 0
Target Time = 25.5; Load Intensity = 433.0; #Success = 0; #Failed = 0; #Dropped = 0
Target Time = 26.5; Load Intensity = 450.0; #Success = 2; #Failed = 0; #Dropped = 737
Target Time = 27.5; Load Intensity = 466.0; #Success = 2; #Failed = 0; #Dropped = 250
Target Time = 28.5; Load Intensity = 483.0; #Success = 1; #Failed = 0; #Dropped = 226
Target Time = 29.5; Load Intensity = 500.0; #Success = 1; #Failed = 0; #Dropped = 343
Target Time = 30.5; Load Intensity = 516.0; #Success = 24; #Failed = 0; #Dropped = 474
Target Time = 31.5; Load Intensity = 533.0; #Success = 81; #Failed = 0; #Dropped = 283
Target Time = 32.5; Load Intensity = 550.0; #Success = 0; #Failed = 0; #Dropped = 0
Target Time = 33.5; Load Intensity = 566.0; #Success = 17; #Failed = 0; #Dropped = 783
Target Time = 34.5; Load Intensity = 583.0; #Success = 0; #Failed = 9; #Dropped = 312
Target Time = 35.5; Load Intensity = 600.0; #Success = 0; #Failed = 0; #Dropped = 0
Target Time = 36.5; Load Intensity = 616.0; #Success = 0; #Failed = 0; #Dropped = 0
Target Time = 37.5; Load Intensity = 633.0; #Success = 0; #Failed = 0; #Dropped = 0
Target Time = 38.5; Load Intensity = 650.0; #Success = 1; #Failed = 0; #Dropped = 1661
Target Time = 39.5; Load Intensity = 666.0; #Success = 1; #Failed = 0; #Dropped = 526
Target Time = 40.5; Load Intensity = 683.0; #Success = 23; #Failed = 0; #Dropped = 690
Target Time = 41.5; Load Intensity = 700.0; #Success = 77; #Failed = 1; #Dropped = 429
Target Time = 42.5; Load Intensity = 716.0; #Success = 0; #Failed = 1; #Dropped = 579
Target Time = 43.5; Load Intensity = 733.0; #Success = 12; #Failed = 0; #Dropped = 584
Target Time = 44.5; Load Intensity = 750.0; #Success = 12; #Failed = 0; #Dropped = 447
Target Time = 45.5; Load Intensity = 766.0; #Success = 0; #Failed = 0; #Dropped = 0
Target Time = 46.5; Load Intensity = 783.0; #Success = 0; #Failed = 0; #Dropped = 0
Target Time = 47.5; Load Intensity = 800.0; #Success = 0; #Failed = 0; #Dropped = 0
Target Time = 48.5; Load Intensity = 816.0; #Success = 1; #Failed = 0; #Dropped = 2364
Target Time = 49.5; Load Intensity = 833.0; #Success = 1; #Failed = 0; #Dropped = 667
Target Time = 50.5; Load Intensity = 850.0; #Success = 26; #Failed = 0; #Dropped = 940
Target Time = 51.5; Load Intensity = 866.0; #Success = 75; #Failed = 0; #Dropped = 520
Target Time = 52.5; Load Intensity = 883.0; #Success = 1; #Failed = 0; #Dropped = 750
Target Time = 53.5; Load Intensity = 900.0; #Success = 12; #Failed = 0; #Dropped = 763
Target Time = 54.5; Load Intensity = 916.0; #Success = 12; #Failed = 0; #Dropped = 594
Target Time = 55.5; Load Intensity = 933.0; #Success = 0; #Failed = 0; #Dropped = 0
Target Time = 56.5; Load Intensity = 950.0; #Success = 0; #Failed = 0; #Dropped = 0
Target Time = 57.5; Load Intensity = 966.0; #Success = 0; #Failed = 0; #Dropped = 0
Target Time = 58.5; Load Intensity = 983.0; #Success = 1; #Failed = 0; #Dropped = 2961
Target Time = 59.5; Load Intensity = 1000.0; #Success = 1; #Failed = 0; #Dropped = 918
Target Time = 60.5; Load Intensity = 1016.0; #Success = 26; #Failed = 0; #Dropped = 1080
Target Time = 61.5; Load Intensity = 1033.0; #Success = 75; #Failed = 0; #Dropped = 747
Target Time = 62.5; Load Intensity = 1050.0; #Success = 1; #Failed = 1; #Dropped = 897
Target Time = 63.5; Load Intensity = 1066.0; #Success = 11; #Failed = 0; #Dropped = 925
Target Time = 64.5; Load Intensity = 1083.0; #Success = 12; #Failed = 1; #Dropped = 729
Target Time = 65.5; Load Intensity = 1100.0; #Success = 0; #Failed = 0; #Dropped = 0
Target Time = 66.5; Load Intensity = 1116.0; #Success = 0; #Failed = 0; #Dropped = 0
Target Time = 67.5; Load Intensity = 1133.0; #Success = 0; #Failed = 0; #Dropped = 0
Target Time = 68.5; Load Intensity = 1150.0; #Success = 1; #Failed = 0; #Dropped = 3675
Target Time = 69.5; Load Intensity = 1166.0; #Success = 1; #Failed = 0; #Dropped = 935
Target Time = 70.5; Load Intensity = 1183.0; #Success = 29; #Failed = 0; #Dropped = 1422
Target Time = 71.5; Load Intensity = 1200.0; #Success = 71; #Failed = 0; #Dropped = 853
Target Time = 72.5; Load Intensity = 1216.0; #Success = 2; #Failed = 0; #Dropped = 1044
Target Time = 73.5; Load Intensity = 1233.0; #Success = 4; #Failed = 0; #Dropped = 1126
Target Time = 74.5; Load Intensity = 1250.0; #Success = 20; #Failed = 0; #Dropped = 902
Target Time = 75.5; Load Intensity = 1266.0; #Success = 0; #Failed = 0; #Dropped = 0
Target Time = 76.5; Load Intensity = 1283.0; #Success = 0; #Failed = 0; #Dropped = 0
Target Time = 77.5; Load Intensity = 1300.0; #Success = 0; #Failed = 0; #Dropped = 0
Target Time = 78.5; Load Intensity = 1316.0; #Success = 1; #Failed = 0; #Dropped = 4170
Target Time = 79.5; Load Intensity = 1333.0; #Success = 1; #Failed = 0; #Dropped = 1322
Target Time = 80.5; Load Intensity = 1350.0; #Success = 26; #Failed = 0; #Dropped = 1488
Target Time = 81.5; Load Intensity = 1366.0; #Success = 74; #Failed = 0; #Dropped = 1036
Target Time = 82.5; Load Intensity = 1383.0; #Success = 0; #Failed = 0; #Dropped = 0
Target Time = 83.5; Load Intensity = 1400.0; #Success = 2; #Failed = 0; #Dropped = 1304
Target Time = 84.5; Load Intensity = 1416.0; #Success = 24; #Failed = 0; #Dropped = 2267
Target Time = 85.5; Load Intensity = 1433.0; #Success = 0; #Failed = 0; #Dropped = 0
Target Time = 86.5; Load Intensity = 1450.0; #Success = 0; #Failed = 0; #Dropped = 0
Target Time = 87.5; Load Intensity = 1466.0; #Success = 0; #Failed = 0; #Dropped = 0
Target Time = 88.5; Load Intensity = 1483.0; #Success = 1; #Failed = 0; #Dropped = 4988
Target Time = 89.5; Load Intensity = 1500.0; #Success = 1; #Failed = 0; #Dropped = 1099
Target Time = 90.5; Load Intensity = 1516.0; #Success = 26; #Failed = 0; #Dropped = 1925
Target Time = 91.5; Load Intensity = 1533.0; #Success = 74; #Failed = 0; #Dropped = 1206
Target Time = 92.5; Load Intensity = 1550.0; #Success = 1; #Failed = 1; #Dropped = 1532
Target Time = 93.5; Load Intensity = 1566.0; #Success = 4; #Failed = 0; #Dropped = 1464
Target Time = 94.5; Load Intensity = 1583.0; #Success = 20; #Failed = 0; #Dropped = 1056
Target Time = 95.5; Load Intensity = 1600.0; #Success = 0; #Failed = 0; #Dropped = 0
Target Time = 96.5; Load Intensity = 1616.0; #Success = 0; #Failed = 0; #Dropped = 0
Target Time = 97.5; Load Intensity = 1633.0; #Success = 0; #Failed = 0; #Dropped = 0
Target Time = 98.5; Load Intensity = 1650.0; #Success = 1; #Failed = 0; #Dropped = 5692
Target Time = 99.5; Load Intensity = 1666.0; #Success = 1; #Failed = 0; #Dropped = 1306
Target Time = 100.5; Load Intensity = 1683.0; #Success = 23; #Failed = 0; #Dropped = 1994
Target Time = 101.5; Load Intensity = 1700.0; #Success = 77; #Failed = 0; #Dropped = 1415
Target Time = 102.5; Load Intensity = 1716.0; #Success = 2; #Failed = 0; #Dropped = 1588
Target Time = 103.5; Load Intensity = 1733.0; #Success = 0; #Failed = 0; #Dropped = 0
Target Time = 104.5; Load Intensity = 1750.0; #Success = 24; #Failed = 0; #Dropped = 2828
Target Time = 105.5; Load Intensity = 1766.0; #Success = 0; #Failed = 0; #Dropped = 0
Target Time = 106.5; Load Intensity = 1783.0; #Success = 0; #Failed = 0; #Dropped = 0
Target Time = 107.5; Load Intensity = 1800.0; #Success = 0; #Failed = 0; #Dropped = 0
Target Time = 108.5; Load Intensity = 1816.0; #Success = 1; #Failed = 0; #Dropped = 6219
Target Time = 109.5; Load Intensity = 1833.0; #Success = 1; #Failed = 0; #Dropped = 1561
Target Time = 110.5; Load Intensity = 1850.0; #Success = 31; #Failed = 0; #Dropped = 2535
Target Time = 111.5; Load Intensity = 1866.0; #Success = 69; #Failed = 0; #Dropped = 1296
Target Time = 112.5; Load Intensity = 1883.0; #Success = 2; #Failed = 0; #Dropped = 1862
Target Time = 113.5; Load Intensity = 1900.0; #Success = 0; #Failed = 0; #Dropped = 0
Target Time = 114.5; Load Intensity = 1916.0; #Success = 24; #Failed = 0; #Dropped = 3082
Target Time = 115.5; Load Intensity = 1933.0; #Success = 0; #Failed = 0; #Dropped = 0
Target Time = 116.5; Load Intensity = 1950.0; #Success = 0; #Failed = 0; #Dropped = 0
Target Time = 117.5; Load Intensity = 1966.0; #Success = 0; #Failed = 0; #Dropped = 0
Target Time = 118.5; Load Intensity = 1983.0; #Success = 1; #Failed = 0; #Dropped = 6879
Target Time = 119.5; Load Intensity = 2000.0; #Success = 1; #Failed = 0; #Dropped = 2002
Target Time = 120.5; Load Intensity = 0.0; #Success = 26; #Failed = 0; #Dropped = 2314
Target Time = 121.5; Load Intensity = 0.0; #Success = 74; #Failed = 0; #Dropped = 1671
Target Time = 122.5; Load Intensity = 0.0; #Success = 2; #Failed = 0; #Dropped = 2026
Target Time = 123.5; Load Intensity = 0.0; #Success = 11; #Failed = 0; #Dropped = 1990
Target Time = 124.5; Load Intensity = 0.0; #Success = 13; #Failed = 0; #Dropped = 1390
Target Time = 125.5; Load Intensity = 0.0; #Success = 0; #Failed = 0; #Dropped = 0
Target Time = 126.5; Load Intensity = 0.0; #Success = 0; #Failed = 0; #Dropped = 0
Target Time = 127.5; Load Intensity = 0.0; #Success = 0; #Failed = 0; #Dropped = 0
Target Time = 128.5; Load Intensity = 0.0; #Success = 1; #Failed = 0; #Dropped = 7407
Target Time = 129.5; Load Intensity = 0.0; #Success = 1; #Failed = 0; #Dropped = 1825
Target Time = 130.5; Load Intensity = 0.0; #Success = 27; #Failed = 0; #Dropped = 1009
Target Time = 131.5; Load Intensity = 0.0; #Success = 73; #Failed = 0; #Dropped = 0
Target Time = 132.5; Load Intensity = 0.0; #Success = 2; #Failed = 0; #Dropped = 0
Target Time = 133.5; Load Intensity = 0.0; #Success = 1; #Failed = 0; #Dropped = 0
Target Time = 134.5; Load Intensity = 0.0; #Success = 25; #Failed = 0; #Dropped = 0
Workload finished.
Log finished.
📄 LIMBO finalizado para scenario=high
⏸ Escenario high completado, esperando 5 segundos antes del siguiente...
